This is pdfTeX, Version 3.14159265-2.6-1.40.16 (TeX Live 2015/W32TeX) (preloaded format=pdflatex 2015.9.12)  26 SEP 2016 09:16
entering extended mode
 restricted \write18 enabled.
 %&-line parsing enabled.
**./egpaper_for_review.tex
(./egpaper_for_review.tex
LaTeX2e <2015/01/01> patch level 2
Babel <3.9m> and hyphenation patterns for 79 languages loaded.
(c:/Software/texlive/2015/texmf-dist/tex/latex/base/article.cls
Document Class: article 2014/09/29 v1.4h Standard LaTeX document class
(c:/Software/texlive/2015/texmf-dist/tex/latex/base/size10.clo
File: size10.clo 2014/09/29 v1.4h Standard LaTeX file (size option)
)
\c@part=\count79
\c@section=\count80
\c@subsection=\count81
\c@subsubsection=\count82
\c@paragraph=\count83
\c@subparagraph=\count84
\c@figure=\count85
\c@table=\count86
\abovecaptionskip=\skip41
\belowcaptionskip=\skip42
\bibindent=\dimen102
) (./cvpr.sty
(./eso-pic.sty
Package: eso-pic 2002/11/16 v1.1b eso-pic (RN)
 (./cvpr_eso.sty

LaTeX Warning: You have requested package `eso-pic',
               but the package provides `everyshi'.

Package: everyshi 2001/05/15 v3.00 EveryShipout Package (MS)
) (c:/Software/texlive/2015/texmf-dist/tex/latex/graphics/keyval.sty
Package: keyval 2014/10/28 v1.15 key=value parser (DPC)
\KV@toks@=\toks14
))
(c:/Software/texlive/2015/texmf-dist/tex/latex/tools/xspace.sty
Package: xspace 2014/10/28 v1.13 Space after command names (DPC,MH)
)
CVPR 8.5 x 11-Inch Proceedings Style `cvpr.sty'.
\@ctmp=\skip43
\@figindent=\skip44
\cvprrulerbox=\box26
\cvprrulercount=\count87
\cvprruleroffset=\dimen103
\cv@lineheight=\dimen104
\cv@boxheight=\dimen105
\cv@tmpbox=\box27
\cv@refno=\count88
\cv@tot=\count89
\cv@tmpc@=\count90
\cv@tmpc=\count91
) (c:/Software/texlive/2015/texmf-dist/tex/latex/psnfss/times.sty
Package: times 2005/04/12 PSNFSS-v9.2a (SPQR) 
)
(c:/Software/texlive/2015/texmf-dist/tex/latex/graphics/epsfig.sty
Package: epsfig 1999/02/16 v1.7a (e)psfig emulation (SPQR)

(c:/Software/texlive/2015/texmf-dist/tex/latex/graphics/graphicx.sty
Package: graphicx 2014/10/28 v1.0g Enhanced LaTeX Graphics (DPC,SPQR)

(c:/Software/texlive/2015/texmf-dist/tex/latex/graphics/graphics.sty
Package: graphics 2014/10/28 v1.0p Standard LaTeX Graphics (DPC,SPQR)

(c:/Software/texlive/2015/texmf-dist/tex/latex/graphics/trig.sty
Package: trig 1999/03/16 v1.09 sin cos tan (DPC)
)
(c:/Software/texlive/2015/texmf-dist/tex/latex/latexconfig/graphics.cfg
File: graphics.cfg 2010/04/23 v1.9 graphics configuration of TeX Live
)
Package graphics Info: Driver file: pdftex.def on input line 94.

(c:/Software/texlive/2015/texmf-dist/tex/latex/pdftex-def/pdftex.def
File: pdftex.def 2011/05/27 v0.06d Graphics/color for pdfTeX

(c:/Software/texlive/2015/texmf-dist/tex/generic/oberdiek/infwarerr.sty
Package: infwarerr 2010/04/08 v1.3 Providing info/warning/error messages (HO)
)
(c:/Software/texlive/2015/texmf-dist/tex/generic/oberdiek/ltxcmds.sty
Package: ltxcmds 2011/11/09 v1.22 LaTeX kernel commands for general use (HO)
)
\Gread@gobject=\count92
))
\Gin@req@height=\dimen106
\Gin@req@width=\dimen107
)
\epsfxsize=\dimen108
\epsfysize=\dimen109
)
(c:/Software/texlive/2015/texmf-dist/tex/latex/amsmath/amsmath.sty
Package: amsmath 2013/01/14 v2.14 AMS math features
\@mathmargin=\skip45

For additional information on amsmath, use the `?' option.
(c:/Software/texlive/2015/texmf-dist/tex/latex/amsmath/amstext.sty
Package: amstext 2000/06/29 v2.01

(c:/Software/texlive/2015/texmf-dist/tex/latex/amsmath/amsgen.sty
File: amsgen.sty 1999/11/30 v2.0
\@emptytoks=\toks15
\ex@=\dimen110
))
(c:/Software/texlive/2015/texmf-dist/tex/latex/amsmath/amsbsy.sty
Package: amsbsy 1999/11/29 v1.2d
\pmbraise@=\dimen111
)
(c:/Software/texlive/2015/texmf-dist/tex/latex/amsmath/amsopn.sty
Package: amsopn 1999/12/14 v2.01 operator names
)
\inf@bad=\count93
LaTeX Info: Redefining \frac on input line 210.
\uproot@=\count94
\leftroot@=\count95
LaTeX Info: Redefining \overline on input line 306.
\classnum@=\count96
\DOTSCASE@=\count97
LaTeX Info: Redefining \ldots on input line 378.
LaTeX Info: Redefining \dots on input line 381.
LaTeX Info: Redefining \cdots on input line 466.
\Mathstrutbox@=\box28
\strutbox@=\box29
\big@size=\dimen112
LaTeX Font Info:    Redeclaring font encoding OML on input line 566.
LaTeX Font Info:    Redeclaring font encoding OMS on input line 567.
\macc@depth=\count98
\c@MaxMatrixCols=\count99
\dotsspace@=\muskip10
\c@parentequation=\count100
\dspbrk@lvl=\count101
\tag@help=\toks16
\row@=\count102
\column@=\count103
\maxfields@=\count104
\andhelp@=\toks17
\eqnshift@=\dimen113
\alignsep@=\dimen114
\tagshift@=\dimen115
\tagwidth@=\dimen116
\totwidth@=\dimen117
\lineht@=\dimen118
\@envbody=\toks18
\multlinegap=\skip46
\multlinetaggap=\skip47
\mathdisplay@stack=\toks19
LaTeX Info: Redefining \[ on input line 2665.
LaTeX Info: Redefining \] on input line 2666.
)
(c:/Software/texlive/2015/texmf-dist/tex/latex/amsfonts/amssymb.sty
Package: amssymb 2013/01/14 v3.01 AMS font symbols

(c:/Software/texlive/2015/texmf-dist/tex/latex/amsfonts/amsfonts.sty
Package: amsfonts 2013/01/14 v3.01 Basic AMSFonts support
\symAMSa=\mathgroup4
\symAMSb=\mathgroup5
LaTeX Font Info:    Overwriting math alphabet `\mathfrak' in version `bold'
(Font)                  U/euf/m/n --> U/euf/b/n on input line 106.
))
(c:/Software/texlive/2015/texmf-dist/tex/latex/subfigure/subfigure.sty
Package: subfigure 2002/03/15 v2.1.5 subfigure package
\subfigtopskip=\skip48
\subfigcapskip=\skip49
\subfigcaptopadj=\dimen119
\subfigbottomskip=\skip50
\subfigcapmargin=\dimen120
\subfiglabelskip=\skip51
\c@subfigure=\count105
\c@lofdepth=\count106
\c@subtable=\count107
\c@lotdepth=\count108

****************************************
* Local config file subfigure.cfg used *
****************************************
(c:/Software/texlive/2015/texmf-dist/tex/latex/subfigure/subfigure.cfg)
\subfig@top=\skip52
\subfig@bottom=\skip53
)
(c:/Software/texlive/2015/texmf-dist/tex/latex/hyperref/hyperref.sty
Package: hyperref 2012/11/06 v6.83m Hypertext links for LaTeX

(c:/Software/texlive/2015/texmf-dist/tex/generic/oberdiek/hobsub-hyperref.sty
Package: hobsub-hyperref 2012/05/28 v1.13 Bundle oberdiek, subset hyperref (HO)


(c:/Software/texlive/2015/texmf-dist/tex/generic/oberdiek/hobsub-generic.sty
Package: hobsub-generic 2012/05/28 v1.13 Bundle oberdiek, subset generic (HO)
Package: hobsub 2012/05/28 v1.13 Construct package bundles (HO)
Package hobsub Info: Skipping package `infwarerr' (already loaded).
Package hobsub Info: Skipping package `ltxcmds' (already loaded).
Package: ifluatex 2010/03/01 v1.3 Provides the ifluatex switch (HO)
Package ifluatex Info: LuaTeX not detected.
Package: ifvtex 2010/03/01 v1.5 Detect VTeX and its facilities (HO)
Package ifvtex Info: VTeX not detected.
Package: intcalc 2007/09/27 v1.1 Expandable calculations with integers (HO)
Package: ifpdf 2011/01/30 v2.3 Provides the ifpdf switch (HO)
Package ifpdf Info: pdfTeX in PDF mode is detected.
Package: etexcmds 2011/02/16 v1.5 Avoid name clashes with e-TeX commands (HO)
Package etexcmds Info: Could not find \expanded.
(etexcmds)             That can mean that you are not using pdfTeX 1.50 or
(etexcmds)             that some package has redefined \expanded.
(etexcmds)             In the latter case, load this package earlier.
Package: kvsetkeys 2012/04/25 v1.16 Key value parser (HO)
Package: kvdefinekeys 2011/04/07 v1.3 Define keys (HO)
Package: pdftexcmds 2011/11/29 v0.20 Utility functions of pdfTeX for LuaTeX (HO
)
Package pdftexcmds Info: LuaTeX not detected.
Package pdftexcmds Info: \pdf@primitive is available.
Package pdftexcmds Info: \pdf@ifprimitive is available.
Package pdftexcmds Info: \pdfdraftmode found.
Package: pdfescape 2011/11/25 v1.13 Implements pdfTeX's escape features (HO)
Package: bigintcalc 2012/04/08 v1.3 Expandable calculations on big integers (HO
)
Package: bitset 2011/01/30 v1.1 Handle bit-vector datatype (HO)
Package: uniquecounter 2011/01/30 v1.2 Provide unlimited unique counter (HO)
)
Package hobsub Info: Skipping package `hobsub' (already loaded).
Package: letltxmacro 2010/09/02 v1.4 Let assignment for LaTeX macros (HO)
Package: hopatch 2012/05/28 v1.2 Wrapper for package hooks (HO)
Package: xcolor-patch 2011/01/30 xcolor patch
Package: atveryend 2011/06/30 v1.8 Hooks at the very end of document (HO)
Package atveryend Info: \enddocument detected (standard20110627).
Package: atbegshi 2011/10/05 v1.16 At begin shipout hook (HO)
Package: refcount 2011/10/16 v3.4 Data extraction from label references (HO)
Package: hycolor 2011/01/30 v1.7 Color options for hyperref/bookmark (HO)
)
(c:/Software/texlive/2015/texmf-dist/tex/generic/ifxetex/ifxetex.sty
Package: ifxetex 2010/09/12 v0.6 Provides ifxetex conditional
)
(c:/Software/texlive/2015/texmf-dist/tex/latex/oberdiek/auxhook.sty
Package: auxhook 2011/03/04 v1.3 Hooks for auxiliary files (HO)
)
(c:/Software/texlive/2015/texmf-dist/tex/latex/oberdiek/kvoptions.sty
Package: kvoptions 2011/06/30 v3.11 Key value format for package options (HO)
)
\@linkdim=\dimen121
\Hy@linkcounter=\count109
\Hy@pagecounter=\count110

(c:/Software/texlive/2015/texmf-dist/tex/latex/hyperref/pd1enc.def
File: pd1enc.def 2012/11/06 v6.83m Hyperref: PDFDocEncoding definition (HO)
)
\Hy@SavedSpaceFactor=\count111

(c:/Software/texlive/2015/texmf-dist/tex/latex/latexconfig/hyperref.cfg
File: hyperref.cfg 2002/06/06 v1.2 hyperref configuration of TeXLive
)
Package hyperref Info: Option `breaklinks' set `true' on input line 4319.


Package hyperref Warning: Option `letterpaper' is no longer used.

Package hyperref Info: Option `colorlinks' set `true' on input line 4319.
Package hyperref Info: Option `bookmarks' set `false' on input line 4319.
Package hyperref Info: Hyper figures OFF on input line 4443.
Package hyperref Info: Link nesting OFF on input line 4448.
Package hyperref Info: Hyper index ON on input line 4451.
Package hyperref Info: Plain pages OFF on input line 4458.
Package hyperref Info: Backreferencing ON on input line 4461.
Package hyperref Info: Implicit mode ON; LaTeX internals redefined.
Package hyperref Info: Bookmarks OFF on input line 4694.
(c:/Software/texlive/2015/texmf-dist/tex/latex/hyperref/backref.sty
Package: backref 2012/07/25 v1.38 Bibliographical back referencing

(c:/Software/texlive/2015/texmf-dist/tex/latex/oberdiek/rerunfilecheck.sty
Package: rerunfilecheck 2011/04/15 v1.7 Rerun checks for auxiliary files (HO)
Package uniquecounter Info: New unique counter `rerunfilecheck' on input line 2
82.
))
\c@Hy@tempcnt=\count112

(c:/Software/texlive/2015/texmf-dist/tex/latex/url/url.sty
\Urlmuskip=\muskip11
Package: url 2013/09/16  ver 3.4  Verb mode for urls, etc.
)
LaTeX Info: Redefining \url on input line 5041.
\XeTeXLinkMargin=\dimen122
\Fld@menulength=\count113
\Field@Width=\dimen123
\Fld@charsize=\dimen124
Package hyperref Info: Hyper figures OFF on input line 6295.
Package hyperref Info: Link nesting OFF on input line 6300.
Package hyperref Info: Hyper index ON on input line 6303.
Package hyperref Info: backreferencing ON on input line 6308.
Package hyperref Info: Link coloring ON on input line 6313.
Package hyperref Info: Link coloring with OCG OFF on input line 6320.
Package hyperref Info: PDF/A mode OFF on input line 6325.
LaTeX Info: Redefining \ref on input line 6365.
LaTeX Info: Redefining \pageref on input line 6369.
\Hy@abspage=\count114
\c@Item=\count115
\c@Hfootnote=\count116
)

Package hyperref Message: Driver (autodetected): hpdftex.

(c:/Software/texlive/2015/texmf-dist/tex/latex/hyperref/hpdftex.def
File: hpdftex.def 2012/11/06 v6.83m Hyperref driver for pdfTeX
\Fld@listcount=\count117
\c@bookmark@seq@number=\count118
\Hy@SectionHShift=\skip54
)
(./egpaper_for_review.aux

LaTeX Warning: Label `tab1' multiply defined.


LaTeX Warning: Label `fig2' multiply defined.


LaTeX Warning: Label `fig2' multiply defined.


LaTeX Warning: Label `fig2' multiply defined.


LaTeX Warning: Label `tab1' multiply defined.


LaTeX Warning: Label `fig2' multiply defined.


LaTeX Warning: Label `fig2' multiply defined.


LaTeX Warning: Label `fig2' multiply defined.


LaTeX Warning: Label `fig2' multiply defined.


LaTeX Warning: Label `fig2' multiply defined.


LaTeX Warning: Label `fig2' multiply defined.


LaTeX Warning: Label `fig2' multiply defined.


LaTeX Warning: Label `fig2' multiply defined.

)
\openout1 = `egpaper_for_review.aux'.

LaTeX Font Info:    Checking defaults for OML/cmm/m/it on input line 25.
LaTeX Font Info:    ... okay on input line 25.
LaTeX Font Info:    Checking defaults for T1/cmr/m/n on input line 25.
LaTeX Font Info:    ... okay on input line 25.
LaTeX Font Info:    Checking defaults for OT1/cmr/m/n on input line 25.
LaTeX Font Info:    ... okay on input line 25.
LaTeX Font Info:    Checking defaults for OMS/cmsy/m/n on input line 25.
LaTeX Font Info:    ... okay on input line 25.
LaTeX Font Info:    Checking defaults for OMX/cmex/m/n on input line 25.
LaTeX Font Info:    ... okay on input line 25.
LaTeX Font Info:    Checking defaults for U/cmr/m/n on input line 25.
LaTeX Font Info:    ... okay on input line 25.
LaTeX Font Info:    Checking defaults for PD1/pdf/m/n on input line 25.
LaTeX Font Info:    ... okay on input line 25.
LaTeX Font Info:    Try loading font information for OT1+ptm on input line 25.
 (c:/Software/texlive/2015/texmf-dist/tex/latex/psnfss/ot1ptm.fd
File: ot1ptm.fd 2001/06/04 font definitions for OT1/ptm.
)
ABD: EveryShipout initializing macros
(c:/Software/texlive/2015/texmf-dist/tex/latex/graphics/color.sty
Package: color 2014/10/28 v1.1a Standard LaTeX Color (DPC)

(c:/Software/texlive/2015/texmf-dist/tex/latex/latexconfig/color.cfg
File: color.cfg 2007/01/18 v1.5 color configuration of teTeX/TeXLive
)
Package color Info: Driver file: pdftex.def on input line 142.
)
(c:/Software/texlive/2015/texmf-dist/tex/context/base/supp-pdf.mkii
[Loading MPS to PDF converter (version 2006.09.02).]
\scratchcounter=\count119
\scratchdimen=\dimen125
\scratchbox=\box30
\nofMPsegments=\count120
\nofMParguments=\count121
\everyMPshowfont=\toks20
\MPscratchCnt=\count122
\MPscratchDim=\dimen126
\MPnumerator=\count123
\makeMPintoPDFobject=\count124
\everyMPtoPDFconversion=\toks21
) (c:/Software/texlive/2015/texmf-dist/tex/latex/oberdiek/epstopdf-base.sty
Package: epstopdf-base 2010/02/09 v2.5 Base part for package epstopdf

(c:/Software/texlive/2015/texmf-dist/tex/latex/oberdiek/grfext.sty
Package: grfext 2010/08/19 v1.1 Manage graphics extensions (HO)
)
Package grfext Info: Graphics extension search list:
(grfext)             [.png,.pdf,.jpg,.mps,.jpeg,.jbig2,.jb2,.PNG,.PDF,.JPG,.JPE
G,.JBIG2,.JB2,.eps]
(grfext)             \AppendGraphicsExtensions on input line 452.

(c:/Software/texlive/2015/texmf-dist/tex/latex/latexconfig/epstopdf-sys.cfg
File: epstopdf-sys.cfg 2010/07/13 v1.3 Configuration of (r)epstopdf for TeX Liv
e
))
\AtBeginShipoutBox=\box31
Package atbegshi Info: Package `everyshi' patched.
Package hyperref Info: Link coloring ON on input line 25.

(c:/Software/texlive/2015/texmf-dist/tex/latex/hyperref/nameref.sty
Package: nameref 2012/10/27 v2.43 Cross-referencing by name of section

(c:/Software/texlive/2015/texmf-dist/tex/generic/oberdiek/gettitlestring.sty
Package: gettitlestring 2010/12/03 v1.4 Cleanup title references (HO)
)
\c@section@level=\count125
)
LaTeX Info: Redefining \ref on input line 25.
LaTeX Info: Redefining \pageref on input line 25.
LaTeX Info: Redefining \nameref on input line 25.
LaTeX Font Info:    Font shape `OT1/ptm/bx/n' in size <14.4> not available
(Font)              Font shape `OT1/ptm/b/n' tried instead on input line 48.
LaTeX Font Info:    Try loading font information for U+msa on input line 48.

(c:/Software/texlive/2015/texmf-dist/tex/latex/amsfonts/umsa.fd
File: umsa.fd 2013/01/14 v3.01 AMS symbols A
)
LaTeX Font Info:    Try loading font information for U+msb on input line 48.

(c:/Software/texlive/2015/texmf-dist/tex/latex/amsfonts/umsb.fd
File: umsb.fd 2013/01/14 v3.01 AMS symbols B
)
LaTeX Font Info:    Font shape `OT1/ptm/bx/n' in size <12> not available
(Font)              Font shape `OT1/ptm/b/n' tried instead on input line 50.

Underfull \vbox (badness 6625) has occurred while \output is active []

LaTeX Font Info:    Font shape `OT1/ptm/bx/n' in size <10> not available
(Font)              Font shape `OT1/ptm/b/n' tried instead on input line 61.
LaTeX Font Info:    Try loading font information for OT1+phv on input line 61.

(c:/Software/texlive/2015/texmf-dist/tex/latex/psnfss/ot1phv.fd
File: ot1phv.fd 2001/06/04 scalable font definitions for OT1/phv.
) [1{c:/Software/texlive/2015/texmf-var/fonts/map/pdftex/updmap/pdftex.map}


]
LaTeX Font Info:    Try loading font information for OMS+ptm on input line 66.

(c:/Software/texlive/2015/texmf-dist/tex/latex/psnfss/omsptm.fd
File: omsptm.fd 
)
LaTeX Font Info:    Font shape `OMS/ptm/m/n' in size <10> not available
(Font)              Font shape `OMS/cmsy/m/n' tried instead on input line 66.


LaTeX Warning: Citation `knn' on page 2 undefined on input line 69.


LaTeX Warning: Citation `huber2011robust' on page 2 undefined on input line 81.



Overfull \hbox (23.15123pt too wide) in paragraph at lines 97--97
[] 
 []

[2] [3]
Overfull \hbox (4.27312pt too wide) in paragraph at lines 407--407
[] 
 []

[4] <images/br_singer.png, id=150, 418.56375pt x 521.95pt>
File: images/br_singer.png Graphic file (type png)

<use images/br_singer.png>
Package pdftex.def Info: images/br_singer.png used on input line 465.
(pdftex.def)             Requested size: 121.23456pt x 151.17844pt.

<images/br_BM3D_singer.png, id=151, 418.56375pt x 521.95pt>
File: images/br_BM3D_singer.png Graphic file (type png)

<use images/br_BM3D_singer.png>
Package pdftex.def Info: images/br_BM3D_singer.png used on input line 465.
(pdftex.def)             Requested size: 121.23456pt x 151.17844pt.

<images/br_WNNM_singer.png, id=152, 418.56375pt x 521.95pt>
File: images/br_WNNM_singer.png Graphic file (type png)

<use images/br_WNNM_singer.png>
Package pdftex.def Info: images/br_WNNM_singer.png used on input line 465.
(pdftex.def)             Requested size: 121.23456pt x 151.17844pt.

<images/br_TRD_singer.png, id=153, 418.56375pt x 521.95pt>
File: images/br_TRD_singer.png Graphic file (type png)

<use images/br_TRD_singer.png>
Package pdftex.def Info: images/br_TRD_singer.png used on input line 465.
(pdftex.def)             Requested size: 121.23456pt x 151.17844pt.

<images/br_MLP_singer.png, id=154, 418.56375pt x 521.95pt>
File: images/br_MLP_singer.png Graphic file (type png)

<use images/br_MLP_singer.png>
Package pdftex.def Info: images/br_MLP_singer.png used on input line 487.
(pdftex.def)             Requested size: 121.23456pt x 151.17844pt.

<images/br_NC_singer.png, id=155, 418.56375pt x 521.95pt>
File: images/br_NC_singer.png Graphic file (type png)

<use images/br_NC_singer.png>
Package pdftex.def Info: images/br_NC_singer.png used on input line 487.
(pdftex.def)             Requested size: 121.23456pt x 151.17844pt.

<images/br_NI_singer.png, id=156, 418.56375pt x 521.95pt>
File: images/br_NI_singer.png Graphic file (type png)

<use images/br_NI_singer.png>
Package pdftex.def Info: images/br_NI_singer.png used on input line 487.
(pdftex.def)             Requested size: 121.23456pt x 151.17844pt.

<images/br_DSCDL_singer.png, id=157, 418.56375pt x 521.95pt>
File: images/br_DSCDL_singer.png Graphic file (type png)

<use images/br_DSCDL_singer.png>
Package pdftex.def Info: images/br_DSCDL_singer.png used on input line 487.
(pdftex.def)             Requested size: 121.23456pt x 151.17844pt.

Overfull \hbox (0.58199pt too wide) in paragraph at lines 465--488
 [][] 
 []


Overfull \hbox (0.58199pt too wide) in paragraph at lines 465--488
 [][] 
 []

<images/br_palace.png, id=158, 481.8pt x 348.30125pt>
File: images/br_palace.png Graphic file (type png)

<use images/br_palace.png>
Package pdftex.def Info: images/br_palace.png used on input line 515.
(pdftex.def)             Requested size: 121.23456pt x 87.63844pt.

<images/br_BM3D_palace.png, id=159, 481.8pt x 348.30125pt>
File: images/br_BM3D_palace.png Graphic file (type png)

<use images/br_BM3D_palace.png>
Package pdftex.def Info: images/br_BM3D_palace.png used on input line 515.
(pdftex.def)             Requested size: 121.23456pt x 87.63844pt.

<images/br_WNNM_palace.png, id=160, 481.8pt x 348.30125pt>
File: images/br_WNNM_palace.png Graphic file (type png)

<use images/br_WNNM_palace.png>
Package pdftex.def Info: images/br_WNNM_palace.png used on input line 515.
(pdftex.def)             Requested size: 121.23456pt x 87.63844pt.

<images/br_TRD_palace.png, id=161, 481.8pt x 348.30125pt>
File: images/br_TRD_palace.png Graphic file (type png)

<use images/br_TRD_palace.png>
Package pdftex.def Info: images/br_TRD_palace.png used on input line 515.
(pdftex.def)             Requested size: 121.23456pt x 87.63844pt.

<images/br_MLP_palace.png, id=162, 481.8pt x 348.30125pt>
File: images/br_MLP_palace.png Graphic file (type png)

<use images/br_MLP_palace.png>
Package pdftex.def Info: images/br_MLP_palace.png used on input line 537.
(pdftex.def)             Requested size: 121.23456pt x 87.63844pt.

<images/br_NC_palace.png, id=163, 481.8pt x 348.30125pt>
File: images/br_NC_palace.png Graphic file (type png)

<use images/br_NC_palace.png>
Package pdftex.def Info: images/br_NC_palace.png used on input line 537.
(pdftex.def)             Requested size: 121.23456pt x 87.63844pt.

<images/br_NI_palace.png, id=164, 481.8pt x 348.30125pt>
File: images/br_NI_palace.png Graphic file (type png)

<use images/br_NI_palace.png>
Package pdftex.def Info: images/br_NI_palace.png used on input line 537.
(pdftex.def)             Requested size: 121.23456pt x 87.63844pt.

<images/br_DSCDL_palace.png, id=165, 481.8pt x 348.30125pt>
File: images/br_DSCDL_palace.png Graphic file (type png)

<use images/br_DSCDL_palace.png>
Package pdftex.def Info: images/br_DSCDL_palace.png used on input line 537.
(pdftex.def)             Requested size: 121.23456pt x 87.63844pt.

Overfull \hbox (0.58199pt too wide) in paragraph at lines 515--538
 [][] 
 []


Overfull \hbox (0.58199pt too wide) in paragraph at lines 515--538
 [][] 
 []

<images/br_Noisy_5dmark3_iso3200_1.png, id=172, 513.92pt x 513.92pt>
File: images/br_Noisy_5dmark3_iso3200_1.png Graphic file (type png)

<use images/br_Noisy_5dmark3_iso3200_1.png>
Package pdftex.def Info: images/br_Noisy_5dmark3_iso3200_1.png used on input li
ne 626.
(pdftex.def)             Requested size: 99.36972pt x 99.36316pt.

<images/br_BM3D_5dmark3_iso3200_1.png, id=173, 513.92pt x 513.92pt>
File: images/br_BM3D_5dmark3_iso3200_1.png Graphic file (type png)

<use images/br_BM3D_5dmark3_iso3200_1.png>
Package pdftex.def Info: images/br_BM3D_5dmark3_iso3200_1.png used on input lin
e 626.
(pdftex.def)             Requested size: 99.36972pt x 99.36316pt.

<images/br_WNNM_5dmark3_iso3200_1.png, id=174, 513.92pt x 513.92pt>
File: images/br_WNNM_5dmark3_iso3200_1.png Graphic file (type png)

<use images/br_WNNM_5dmark3_iso3200_1.png>
Package pdftex.def Info: images/br_WNNM_5dmark3_iso3200_1.png used on input lin
e 626.
(pdftex.def)             Requested size: 99.36972pt x 99.36316pt.

<images/br_CSF_5dmark3_iso3200_1.png, id=175, 513.92pt x 513.92pt>
File: images/br_CSF_5dmark3_iso3200_1.png Graphic file (type png)

<use images/br_CSF_5dmark3_iso3200_1.png>
Package pdftex.def Info: images/br_CSF_5dmark3_iso3200_1.png used on input line
 626.
(pdftex.def)             Requested size: 99.36972pt x 99.36316pt.

<images/br_TRD_5dmark3_iso3200_1.png, id=176, 513.92pt x 513.92pt>
File: images/br_TRD_5dmark3_iso3200_1.png Graphic file (type png)

<use images/br_TRD_5dmark3_iso3200_1.png>
Package pdftex.def Info: images/br_TRD_5dmark3_iso3200_1.png used on input line
 626.
(pdftex.def)             Requested size: 99.36972pt x 99.36316pt.

<images/br_MLP_5dmark3_iso3200_1.png, id=177, 513.92pt x 513.92pt>
File: images/br_MLP_5dmark3_iso3200_1.png Graphic file (type png)

<use images/br_MLP_5dmark3_iso3200_1.png>
Package pdftex.def Info: images/br_MLP_5dmark3_iso3200_1.png used on input line
 653.
(pdftex.def)             Requested size: 99.36972pt x 99.36316pt.

<images/br_NC_5dmark3_iso3200_1.png, id=178, 513.92pt x 513.92pt>
File: images/br_NC_5dmark3_iso3200_1.png Graphic file (type png)

<use images/br_NC_5dmark3_iso3200_1.png>
Package pdftex.def Info: images/br_NC_5dmark3_iso3200_1.png used on input line 
653.
(pdftex.def)             Requested size: 99.36972pt x 99.36316pt.

<images/br_NI_5dmark3_iso3200_1.png, id=179, 513.92pt x 513.92pt>
File: images/br_NI_5dmark3_iso3200_1.png Graphic file (type png)

<use images/br_NI_5dmark3_iso3200_1.png>
Package pdftex.def Info: images/br_NI_5dmark3_iso3200_1.png used on input line 
653.
(pdftex.def)             Requested size: 99.36972pt x 99.36316pt.

<images/br_DSCDL_5dmark3_iso3200_1.png, id=180, 513.92pt x 513.92pt>
File: images/br_DSCDL_5dmark3_iso3200_1.png Graphic file (type png)

<use images/br_DSCDL_5dmark3_iso3200_1.png>
Package pdftex.def Info: images/br_DSCDL_5dmark3_iso3200_1.png used on input li
ne 653.
(pdftex.def)             Requested size: 99.36972pt x 99.36316pt.

<images/br_Mean_5dmark3_iso3200_1.png, id=181, 513.92pt x 513.92pt>
File: images/br_Mean_5dmark3_iso3200_1.png Graphic file (type png)

<use images/br_Mean_5dmark3_iso3200_1.png>
Package pdftex.def Info: images/br_Mean_5dmark3_iso3200_1.png used on input lin
e 653.
(pdftex.def)             Requested size: 99.36972pt x 99.36316pt.

Overfull \hbox (14.99236pt too wide) in paragraph at lines 626--654
 [][] 
 []


Overfull \hbox (14.99236pt too wide) in paragraph at lines 626--654
 [][] 
 []

<images/br_Noisy_5dmark3_iso3200_2.png, id=182, 513.92pt x 513.92pt>
File: images/br_Noisy_5dmark3_iso3200_2.png Graphic file (type png)

<use images/br_Noisy_5dmark3_iso3200_2.png>
Package pdftex.def Info: images/br_Noisy_5dmark3_iso3200_2.png used on input li
ne 686.
(pdftex.def)             Requested size: 99.36972pt x 99.36316pt.

<images/br_BM3D_5dmark3_iso3200_2.png, id=183, 513.92pt x 513.92pt>
File: images/br_BM3D_5dmark3_iso3200_2.png Graphic file (type png)

<use images/br_BM3D_5dmark3_iso3200_2.png>
Package pdftex.def Info: images/br_BM3D_5dmark3_iso3200_2.png used on input lin
e 686.
(pdftex.def)             Requested size: 99.36972pt x 99.36316pt.

<images/br_WNNM_5dmark3_iso3200_2.png, id=184, 513.92pt x 513.92pt>
File: images/br_WNNM_5dmark3_iso3200_2.png Graphic file (type png)

<use images/br_WNNM_5dmark3_iso3200_2.png>
Package pdftex.def Info: images/br_WNNM_5dmark3_iso3200_2.png used on input lin
e 686.
(pdftex.def)             Requested size: 99.36972pt x 99.36316pt.

<images/br_CSF_5dmark3_iso3200_2.png, id=185, 513.92pt x 513.92pt>
File: images/br_CSF_5dmark3_iso3200_2.png Graphic file (type png)

<use images/br_CSF_5dmark3_iso3200_2.png>
Package pdftex.def Info: images/br_CSF_5dmark3_iso3200_2.png used on input line
 686.
(pdftex.def)             Requested size: 99.36972pt x 99.36316pt.

<images/br_TRD_5dmark3_iso3200_2.png, id=186, 513.92pt x 513.92pt>
File: images/br_TRD_5dmark3_iso3200_2.png Graphic file (type png)

<use images/br_TRD_5dmark3_iso3200_2.png>
Package pdftex.def Info: images/br_TRD_5dmark3_iso3200_2.png used on input line
 686.
(pdftex.def)             Requested size: 99.36972pt x 99.36316pt.

<images/br_MLP_5dmark3_iso3200_2.png, id=187, 513.92pt x 513.92pt>
File: images/br_MLP_5dmark3_iso3200_2.png Graphic file (type png)

<use images/br_MLP_5dmark3_iso3200_2.png>
Package pdftex.def Info: images/br_MLP_5dmark3_iso3200_2.png used on input line
 713.
(pdftex.def)             Requested size: 99.36972pt x 99.36316pt.

<images/br_NC_5dmark3_iso3200_2.png, id=188, 513.92pt x 513.92pt>
File: images/br_NC_5dmark3_iso3200_2.png Graphic file (type png)

<use images/br_NC_5dmark3_iso3200_2.png>
Package pdftex.def Info: images/br_NC_5dmark3_iso3200_2.png used on input line 
713.
(pdftex.def)             Requested size: 99.36972pt x 99.36316pt.

<images/br_NI_5dmark3_iso3200_2.png, id=189, 513.92pt x 513.92pt>
File: images/br_NI_5dmark3_iso3200_2.png Graphic file (type png)

<use images/br_NI_5dmark3_iso3200_2.png>
Package pdftex.def Info: images/br_NI_5dmark3_iso3200_2.png used on input line 
713.
(pdftex.def)             Requested size: 99.36972pt x 99.36316pt.

<images/br_DSCDL_5dmark3_iso3200_2.png, id=190, 513.92pt x 513.92pt>
File: images/br_DSCDL_5dmark3_iso3200_2.png Graphic file (type png)

<use images/br_DSCDL_5dmark3_iso3200_2.png>
Package pdftex.def Info: images/br_DSCDL_5dmark3_iso3200_2.png used on input li
ne 713.
(pdftex.def)             Requested size: 99.36972pt x 99.36316pt.

<images/br_Mean_5dmark3_iso3200_2.png, id=191, 513.92pt x 513.92pt>
File: images/br_Mean_5dmark3_iso3200_2.png Graphic file (type png)

<use images/br_Mean_5dmark3_iso3200_2.png>
Package pdftex.def Info: images/br_Mean_5dmark3_iso3200_2.png used on input lin
e 713.
(pdftex.def)             Requested size: 99.36972pt x 99.36316pt.

Overfull \hbox (14.99236pt too wide) in paragraph at lines 686--714
 [][] 
 []


Overfull \hbox (14.99236pt too wide) in paragraph at lines 686--714
 [][] 
 []

<images/br_Noisy_5dmark3_iso3200_3.png, id=192, 513.92pt x 513.92pt>
File: images/br_Noisy_5dmark3_iso3200_3.png Graphic file (type png)

<use images/br_Noisy_5dmark3_iso3200_3.png>
Package pdftex.def Info: images/br_Noisy_5dmark3_iso3200_3.png used on input li
ne 747.
(pdftex.def)             Requested size: 99.36972pt x 99.36316pt.

<images/br_BM3D_5dmark3_iso3200_3.png, id=193, 513.92pt x 513.92pt>
File: images/br_BM3D_5dmark3_iso3200_3.png Graphic file (type png)

<use images/br_BM3D_5dmark3_iso3200_3.png>
Package pdftex.def Info: images/br_BM3D_5dmark3_iso3200_3.png used on input lin
e 747.
(pdftex.def)             Requested size: 99.36972pt x 99.36316pt.

<images/br_WNNM_5dmark3_iso3200_3.png, id=194, 513.92pt x 513.92pt>
File: images/br_WNNM_5dmark3_iso3200_3.png Graphic file (type png)

<use images/br_WNNM_5dmark3_iso3200_3.png>
Package pdftex.def Info: images/br_WNNM_5dmark3_iso3200_3.png used on input lin
e 747.
(pdftex.def)             Requested size: 99.36972pt x 99.36316pt.

<images/br_CSF_5dmark3_iso3200_3.png, id=195, 513.92pt x 513.92pt>
File: images/br_CSF_5dmark3_iso3200_3.png Graphic file (type png)

<use images/br_CSF_5dmark3_iso3200_3.png>
Package pdftex.def Info: images/br_CSF_5dmark3_iso3200_3.png used on input line
 747.
(pdftex.def)             Requested size: 99.36972pt x 99.36316pt.

<images/br_TRD_5dmark3_iso3200_3.png, id=196, 513.92pt x 513.92pt>
File: images/br_TRD_5dmark3_iso3200_3.png Graphic file (type png)

<use images/br_TRD_5dmark3_iso3200_3.png>
Package pdftex.def Info: images/br_TRD_5dmark3_iso3200_3.png used on input line
 747.
(pdftex.def)             Requested size: 99.36972pt x 99.36316pt.

<images/br_MLP_5dmark3_iso3200_3.png, id=197, 513.92pt x 513.92pt>
File: images/br_MLP_5dmark3_iso3200_3.png Graphic file (type png)

<use images/br_MLP_5dmark3_iso3200_3.png>
Package pdftex.def Info: images/br_MLP_5dmark3_iso3200_3.png used on input line
 774.
(pdftex.def)             Requested size: 99.36972pt x 99.36316pt.

<images/br_NC_5dmark3_iso3200_3.png, id=198, 513.92pt x 513.92pt>
File: images/br_NC_5dmark3_iso3200_3.png Graphic file (type png)

<use images/br_NC_5dmark3_iso3200_3.png>
Package pdftex.def Info: images/br_NC_5dmark3_iso3200_3.png used on input line 
774.
(pdftex.def)             Requested size: 99.36972pt x 99.36316pt.

<images/br_NI_5dmark3_iso3200_3.png, id=199, 513.92pt x 513.92pt>
File: images/br_NI_5dmark3_iso3200_3.png Graphic file (type png)

<use images/br_NI_5dmark3_iso3200_3.png>
Package pdftex.def Info: images/br_NI_5dmark3_iso3200_3.png used on input line 
774.
(pdftex.def)             Requested size: 99.36972pt x 99.36316pt.

<images/br_DSCDL_5dmark3_iso3200_3.png, id=200, 513.92pt x 513.92pt>
File: images/br_DSCDL_5dmark3_iso3200_3.png Graphic file (type png)

<use images/br_DSCDL_5dmark3_iso3200_3.png>
Package pdftex.def Info: images/br_DSCDL_5dmark3_iso3200_3.png used on input li
ne 774.
(pdftex.def)             Requested size: 99.36972pt x 99.36316pt.

<images/br_Mean_5dmark3_iso3200_3.png, id=201, 513.92pt x 513.92pt>
File: images/br_Mean_5dmark3_iso3200_3.png Graphic file (type png)

<use images/br_Mean_5dmark3_iso3200_3.png>
Package pdftex.def Info: images/br_Mean_5dmark3_iso3200_3.png used on input lin
e 774.
(pdftex.def)             Requested size: 99.36972pt x 99.36316pt.

Overfull \hbox (14.99236pt too wide) in paragraph at lines 747--775
 [][] 
 []


Overfull \hbox (14.99236pt too wide) in paragraph at lines 747--775
 [][] 
 []


<images/br_Noisy_CC_Noisy_Nikon_D600_ISO_3200_C3_77.png, id=203, 501.875pt x 50
1.875pt>
File: images/br_Noisy_CC_Noisy_Nikon_D600_ISO_3200_C3_77.png Graphic file (type
 png)
 <use images/br_Noisy_CC_Noisy_Nikon_D600_ISO_3200_C3_77.png>
Package pdftex.def Info: images/br_Noisy_CC_Noisy_Nikon_D600_ISO_3200_C3_77.png
 used on input line 830.
(pdftex.def)             Requested size: 99.36972pt x 99.37001pt.

<images/br_BM3D_CC_Noisy_Nikon_D600_ISO_3200_C3_77.png, id=204, 501.875pt x 501
.875pt>
File: images/br_BM3D_CC_Noisy_Nikon_D600_ISO_3200_C3_77.png Graphic file (type 
png)
 <use images/br_BM3D_CC_Noisy_Nikon_D600_ISO_3200_C3_77.png>
Package pdftex.def Info: images/br_BM3D_CC_Noisy_Nikon_D600_ISO_3200_C3_77.png 
used on input line 830.
(pdftex.def)             Requested size: 99.36972pt x 99.37001pt.

<images/br_WNNM_CC_Noisy_Nikon_D600_ISO_3200_C3_77.png, id=205, 501.875pt x 501
.875pt>
File: images/br_WNNM_CC_Noisy_Nikon_D600_ISO_3200_C3_77.png Graphic file (type 
png)
 <use images/br_WNNM_CC_Noisy_Nikon_D600_ISO_3200_C3_77.png>
Package pdftex.def Info: images/br_WNNM_CC_Noisy_Nikon_D600_ISO_3200_C3_77.png 
used on input line 830.
(pdftex.def)             Requested size: 99.36972pt x 99.37001pt.

<images/br_CSF_CC_Noisy_Nikon_D600_ISO_3200_C3_77.png, id=206, 501.875pt x 501.
875pt>
File: images/br_CSF_CC_Noisy_Nikon_D600_ISO_3200_C3_77.png Graphic file (type p
ng)
 <use images/br_CSF_CC_Noisy_Nikon_D600_ISO_3200_C3_77.png>
Package pdftex.def Info: images/br_CSF_CC_Noisy_Nikon_D600_ISO_3200_C3_77.png u
sed on input line 830.
(pdftex.def)             Requested size: 99.36972pt x 99.37001pt.

<images/br_TRD_CC_Noisy_Nikon_D600_ISO_3200_C3_77.png, id=207, 501.875pt x 501.
875pt>
File: images/br_TRD_CC_Noisy_Nikon_D600_ISO_3200_C3_77.png Graphic file (type p
ng)
 <use images/br_TRD_CC_Noisy_Nikon_D600_ISO_3200_C3_77.png>
Package pdftex.def Info: images/br_TRD_CC_Noisy_Nikon_D600_ISO_3200_C3_77.png u
sed on input line 830.
(pdftex.def)             Requested size: 99.36972pt x 99.37001pt.

<images/br_MLP_CC_Noisy_Nikon_D600_ISO_3200_C3_77.png, id=208, 501.875pt x 501.
875pt>
File: images/br_MLP_CC_Noisy_Nikon_D600_ISO_3200_C3_77.png Graphic file (type p
ng)
 <use images/br_MLP_CC_Noisy_Nikon_D600_ISO_3200_C3_77.png>
Package pdftex.def Info: images/br_MLP_CC_Noisy_Nikon_D600_ISO_3200_C3_77.png u
sed on input line 857.
(pdftex.def)             Requested size: 99.36972pt x 99.37001pt.

<images/br_NC_CC_Noisy_Nikon_D600_ISO_3200_C3_77.png, id=209, 501.875pt x 501.8
75pt>
File: images/br_NC_CC_Noisy_Nikon_D600_ISO_3200_C3_77.png Graphic file (type pn
g)
 <use images/br_NC_CC_Noisy_Nikon_D600_ISO_3200_C3_77.png>
Package pdftex.def Info: images/br_NC_CC_Noisy_Nikon_D600_ISO_3200_C3_77.png us
ed on input line 857.
(pdftex.def)             Requested size: 99.36972pt x 99.37001pt.

<images/br_NI_CC_Noisy_Nikon_D600_ISO_3200_C3_77.png, id=210, 501.875pt x 501.8
75pt>
File: images/br_NI_CC_Noisy_Nikon_D600_ISO_3200_C3_77.png Graphic file (type pn
g)
 <use images/br_NI_CC_Noisy_Nikon_D600_ISO_3200_C3_77.png>
Package pdftex.def Info: images/br_NI_CC_Noisy_Nikon_D600_ISO_3200_C3_77.png us
ed on input line 857.
(pdftex.def)             Requested size: 99.36972pt x 99.37001pt.

<images/br_DSCDL_CC_Noisy_Nikon_D600_ISO_3200_C3_77.png, id=211, 501.875pt x 50
1.875pt>
File: images/br_DSCDL_CC_Noisy_Nikon_D600_ISO_3200_C3_77.png Graphic file (type
 png)
 <use images/br_DSCDL_CC_Noisy_Nikon_D600_ISO_3200_C3_77.png>
Package pdftex.def Info: images/br_DSCDL_CC_Noisy_Nikon_D600_ISO_3200_C3_77.png
 used on input line 857.
(pdftex.def)             Requested size: 99.36972pt x 99.37001pt.

<images/br_Mean_CC_Noisy_Nikon_D600_ISO_3200_C3_77.png, id=212, 501.875pt x 501
.875pt>
File: images/br_Mean_CC_Noisy_Nikon_D600_ISO_3200_C3_77.png Graphic file (type 
png)
 <use images/br_Mean_CC_Noisy_Nikon_D600_ISO_3200_C3_77.png>
Package pdftex.def Info: images/br_Mean_CC_Noisy_Nikon_D600_ISO_3200_C3_77.png 
used on input line 857.
(pdftex.def)             Requested size: 99.36972pt x 99.37001pt.

Overfull \hbox (14.99236pt too wide) in paragraph at lines 830--858
 [][] 
 []


Overfull \hbox (14.99236pt too wide) in paragraph at lines 830--858
 [][] 
 []


<images/br_Noisy_CC_Noisy_Canon_EOS_5D_Mark3_ISO_3200_C3_26.png, id=213, 501.87
5pt x 501.875pt>
File: images/br_Noisy_CC_Noisy_Canon_EOS_5D_Mark3_ISO_3200_C3_26.png Graphic fi
le (type png)

<use images/br_Noisy_CC_Noisy_Canon_EOS_5D_Mark3_ISO_3200_C3_26.png>
Package pdftex.def Info: images/br_Noisy_CC_Noisy_Canon_EOS_5D_Mark3_ISO_3200_C
3_26.png used on input line 890.
(pdftex.def)             Requested size: 99.36972pt x 99.37001pt.

<images/br_BM3D_CC_Noisy_Canon_EOS_5D_Mark3_ISO_3200_C3_26.png, id=214, 501.875
pt x 501.875pt>
File: images/br_BM3D_CC_Noisy_Canon_EOS_5D_Mark3_ISO_3200_C3_26.png Graphic fil
e (type png)

<use images/br_BM3D_CC_Noisy_Canon_EOS_5D_Mark3_ISO_3200_C3_26.png>
Package pdftex.def Info: images/br_BM3D_CC_Noisy_Canon_EOS_5D_Mark3_ISO_3200_C3
_26.png used on input line 890.
(pdftex.def)             Requested size: 99.36972pt x 99.37001pt.

<images/br_WNNM_CC_Noisy_Canon_EOS_5D_Mark3_ISO_3200_C3_26.png, id=215, 501.875
pt x 501.875pt>
File: images/br_WNNM_CC_Noisy_Canon_EOS_5D_Mark3_ISO_3200_C3_26.png Graphic fil
e (type png)

<use images/br_WNNM_CC_Noisy_Canon_EOS_5D_Mark3_ISO_3200_C3_26.png>
Package pdftex.def Info: images/br_WNNM_CC_Noisy_Canon_EOS_5D_Mark3_ISO_3200_C3
_26.png used on input line 890.
(pdftex.def)             Requested size: 99.36972pt x 99.37001pt.

<images/br_CSF_CC_Noisy_Canon_EOS_5D_Mark3_ISO_3200_C3_26.png, id=216, 501.875p
t x 501.875pt>
File: images/br_CSF_CC_Noisy_Canon_EOS_5D_Mark3_ISO_3200_C3_26.png Graphic file
 (type png)

<use images/br_CSF_CC_Noisy_Canon_EOS_5D_Mark3_ISO_3200_C3_26.png>
Package pdftex.def Info: images/br_CSF_CC_Noisy_Canon_EOS_5D_Mark3_ISO_3200_C3_
26.png used on input line 890.
(pdftex.def)             Requested size: 99.36972pt x 99.37001pt.

<images/br_TRD_CC_Noisy_Canon_EOS_5D_Mark3_ISO_3200_C3_26.png, id=217, 501.875p
t x 501.875pt>
File: images/br_TRD_CC_Noisy_Canon_EOS_5D_Mark3_ISO_3200_C3_26.png Graphic file
 (type png)

<use images/br_TRD_CC_Noisy_Canon_EOS_5D_Mark3_ISO_3200_C3_26.png>
Package pdftex.def Info: images/br_TRD_CC_Noisy_Canon_EOS_5D_Mark3_ISO_3200_C3_
26.png used on input line 890.
(pdftex.def)             Requested size: 99.36972pt x 99.37001pt.

<images/br_MLP_CC_Noisy_Canon_EOS_5D_Mark3_ISO_3200_C3_26.png, id=218, 501.875p
t x 501.875pt>
File: images/br_MLP_CC_Noisy_Canon_EOS_5D_Mark3_ISO_3200_C3_26.png Graphic file
 (type png)

<use images/br_MLP_CC_Noisy_Canon_EOS_5D_Mark3_ISO_3200_C3_26.png>
Package pdftex.def Info: images/br_MLP_CC_Noisy_Canon_EOS_5D_Mark3_ISO_3200_C3_
26.png used on input line 917.
(pdftex.def)             Requested size: 99.36972pt x 99.37001pt.

<images/br_NC_CC_Noisy_Canon_EOS_5D_Mark3_ISO_3200_C3_26.png, id=219, 501.875pt
 x 501.875pt>
File: images/br_NC_CC_Noisy_Canon_EOS_5D_Mark3_ISO_3200_C3_26.png Graphic file 
(type png)

<use images/br_NC_CC_Noisy_Canon_EOS_5D_Mark3_ISO_3200_C3_26.png>
Package pdftex.def Info: images/br_NC_CC_Noisy_Canon_EOS_5D_Mark3_ISO_3200_C3_2
6.png used on input line 917.
(pdftex.def)             Requested size: 99.36972pt x 99.37001pt.

<images/br_NI_CC_Noisy_Canon_EOS_5D_Mark3_ISO_3200_C3_26.png, id=220, 501.875pt
 x 501.875pt>
File: images/br_NI_CC_Noisy_Canon_EOS_5D_Mark3_ISO_3200_C3_26.png Graphic file 
(type png)

<use images/br_NI_CC_Noisy_Canon_EOS_5D_Mark3_ISO_3200_C3_26.png>
Package pdftex.def Info: images/br_NI_CC_Noisy_Canon_EOS_5D_Mark3_ISO_3200_C3_2
6.png used on input line 917.
(pdftex.def)             Requested size: 99.36972pt x 99.37001pt.

<images/br_DSCDL_CC_Noisy_Canon_EOS_5D_Mark3_ISO_3200_C3_26.png, id=221, 501.87
5pt x 501.875pt>
File: images/br_DSCDL_CC_Noisy_Canon_EOS_5D_Mark3_ISO_3200_C3_26.png Graphic fi
le (type png)

<use images/br_DSCDL_CC_Noisy_Canon_EOS_5D_Mark3_ISO_3200_C3_26.png>
Package pdftex.def Info: images/br_DSCDL_CC_Noisy_Canon_EOS_5D_Mark3_ISO_3200_C
3_26.png used on input line 917.
(pdftex.def)             Requested size: 99.36972pt x 99.37001pt.

<images/br_Mean_CC_Noisy_Canon_EOS_5D_Mark3_ISO_3200_C3_26.png, id=222, 501.875
pt x 501.875pt>
File: images/br_Mean_CC_Noisy_Canon_EOS_5D_Mark3_ISO_3200_C3_26.png Graphic fil
e (type png)

<use images/br_Mean_CC_Noisy_Canon_EOS_5D_Mark3_ISO_3200_C3_26.png>
Package pdftex.def Info: images/br_Mean_CC_Noisy_Canon_EOS_5D_Mark3_ISO_3200_C3
_26.png used on input line 917.
(pdftex.def)             Requested size: 99.36972pt x 99.37001pt.

Overfull \hbox (14.99236pt too wide) in paragraph at lines 890--918
 [][] 
 []


Overfull \hbox (14.99236pt too wide) in paragraph at lines 890--918
 [][] 
 []


<images/br_Noisy_CC_Noisy_Nikon_D800_ISO_3200_A1_13.png, id=223, 501.875pt x 50
1.875pt>
File: images/br_Noisy_CC_Noisy_Nikon_D800_ISO_3200_A1_13.png Graphic file (type
 png)
 <use images/br_Noisy_CC_Noisy_Nikon_D800_ISO_3200_A1_13.png>
Package pdftex.def Info: images/br_Noisy_CC_Noisy_Nikon_D800_ISO_3200_A1_13.png
 used on input line 950.
(pdftex.def)             Requested size: 99.36972pt x 99.37001pt.

<images/br_BM3D_CC_Noisy_Nikon_D800_ISO_3200_A1_13.png, id=224, 501.875pt x 501
.875pt>
File: images/br_BM3D_CC_Noisy_Nikon_D800_ISO_3200_A1_13.png Graphic file (type 
png)
 <use images/br_BM3D_CC_Noisy_Nikon_D800_ISO_3200_A1_13.png>
Package pdftex.def Info: images/br_BM3D_CC_Noisy_Nikon_D800_ISO_3200_A1_13.png 
used on input line 950.
(pdftex.def)             Requested size: 99.36972pt x 99.37001pt.

<images/br_WNNM_CC_Noisy_Nikon_D800_ISO_3200_A1_13.png, id=225, 501.875pt x 501
.875pt>
File: images/br_WNNM_CC_Noisy_Nikon_D800_ISO_3200_A1_13.png Graphic file (type 
png)
 <use images/br_WNNM_CC_Noisy_Nikon_D800_ISO_3200_A1_13.png>
Package pdftex.def Info: images/br_WNNM_CC_Noisy_Nikon_D800_ISO_3200_A1_13.png 
used on input line 950.
(pdftex.def)             Requested size: 99.36972pt x 99.37001pt.

<images/br_CSF_CC_Noisy_Nikon_D800_ISO_3200_A1_13.png, id=226, 501.875pt x 501.
875pt>
File: images/br_CSF_CC_Noisy_Nikon_D800_ISO_3200_A1_13.png Graphic file (type p
ng)
 <use images/br_CSF_CC_Noisy_Nikon_D800_ISO_3200_A1_13.png>
Package pdftex.def Info: images/br_CSF_CC_Noisy_Nikon_D800_ISO_3200_A1_13.png u
sed on input line 950.
(pdftex.def)             Requested size: 99.36972pt x 99.37001pt.

<images/br_TRD_CC_Noisy_Nikon_D800_ISO_3200_A1_13.png, id=227, 501.875pt x 501.
875pt>
File: images/br_TRD_CC_Noisy_Nikon_D800_ISO_3200_A1_13.png Graphic file (type p
ng)
 <use images/br_TRD_CC_Noisy_Nikon_D800_ISO_3200_A1_13.png>
Package pdftex.def Info: images/br_TRD_CC_Noisy_Nikon_D800_ISO_3200_A1_13.png u
sed on input line 950.
(pdftex.def)             Requested size: 99.36972pt x 99.37001pt.

<images/br_MLP_CC_Noisy_Nikon_D800_ISO_3200_A1_13.png, id=228, 501.875pt x 501.
875pt>
File: images/br_MLP_CC_Noisy_Nikon_D800_ISO_3200_A1_13.png Graphic file (type p
ng)
 <use images/br_MLP_CC_Noisy_Nikon_D800_ISO_3200_A1_13.png>
Package pdftex.def Info: images/br_MLP_CC_Noisy_Nikon_D800_ISO_3200_A1_13.png u
sed on input line 977.
(pdftex.def)             Requested size: 99.36972pt x 99.37001pt.

<images/br_NC_CC_Noisy_Nikon_D800_ISO_3200_A1_13.png, id=229, 501.875pt x 501.8
75pt>
File: images/br_NC_CC_Noisy_Nikon_D800_ISO_3200_A1_13.png Graphic file (type pn
g)
 <use images/br_NC_CC_Noisy_Nikon_D800_ISO_3200_A1_13.png>
Package pdftex.def Info: images/br_NC_CC_Noisy_Nikon_D800_ISO_3200_A1_13.png us
ed on input line 977.
(pdftex.def)             Requested size: 99.36972pt x 99.37001pt.

<images/br_NI_CC_Noisy_Nikon_D800_ISO_3200_A1_13.png, id=230, 501.875pt x 501.8
75pt>
File: images/br_NI_CC_Noisy_Nikon_D800_ISO_3200_A1_13.png Graphic file (type pn
g)
 <use images/br_NI_CC_Noisy_Nikon_D800_ISO_3200_A1_13.png>
Package pdftex.def Info: images/br_NI_CC_Noisy_Nikon_D800_ISO_3200_A1_13.png us
ed on input line 977.
(pdftex.def)             Requested size: 99.36972pt x 99.37001pt.

<images/br_DSCDL_CC_Noisy_Nikon_D800_ISO_3200_A1_13.png, id=231, 501.875pt x 50
1.875pt>
File: images/br_DSCDL_CC_Noisy_Nikon_D800_ISO_3200_A1_13.png Graphic file (type
 png)
 <use images/br_DSCDL_CC_Noisy_Nikon_D800_ISO_3200_A1_13.png>
Package pdftex.def Info: images/br_DSCDL_CC_Noisy_Nikon_D800_ISO_3200_A1_13.png
 used on input line 977.
(pdftex.def)             Requested size: 99.36972pt x 99.37001pt.

<images/br_Mean_CC_Noisy_Nikon_D800_ISO_3200_A1_13.png, id=232, 501.875pt x 501
.875pt>
File: images/br_Mean_CC_Noisy_Nikon_D800_ISO_3200_A1_13.png Graphic file (type 
png)
 <use images/br_Mean_CC_Noisy_Nikon_D800_ISO_3200_A1_13.png>
Package pdftex.def Info: images/br_Mean_CC_Noisy_Nikon_D800_ISO_3200_A1_13.png 
used on input line 977.
(pdftex.def)             Requested size: 99.36972pt x 99.37001pt.

Overfull \hbox (14.99236pt too wide) in paragraph at lines 950--978
 [][] 
 []


Overfull \hbox (14.99236pt too wide) in paragraph at lines 950--978
 [][] 
 []


<images/br_Noisy_CC_Noisy_Nikon_D800_ISO_3200_A1_130.png, id=233, 501.875pt x 5
01.875pt>
File: images/br_Noisy_CC_Noisy_Nikon_D800_ISO_3200_A1_130.png Graphic file (typ
e png)
 <use images/br_Noisy_CC_Noisy_Nikon_D800_ISO_3200_A1_130.png>
Package pdftex.def Info: images/br_Noisy_CC_Noisy_Nikon_D800_ISO_3200_A1_130.pn
g used on input line 1010.
(pdftex.def)             Requested size: 99.36972pt x 99.37001pt.

<images/br_BM3D_CC_Noisy_Nikon_D800_ISO_3200_A1_130.png, id=234, 501.875pt x 50
1.875pt>
File: images/br_BM3D_CC_Noisy_Nikon_D800_ISO_3200_A1_130.png Graphic file (type
 png)
 <use images/br_BM3D_CC_Noisy_Nikon_D800_ISO_3200_A1_130.png>
Package pdftex.def Info: images/br_BM3D_CC_Noisy_Nikon_D800_ISO_3200_A1_130.png
 used on input line 1010.
(pdftex.def)             Requested size: 99.36972pt x 99.37001pt.

<images/br_WNNM_CC_Noisy_Nikon_D800_ISO_3200_A1_130.png, id=235, 501.875pt x 50
1.875pt>
File: images/br_WNNM_CC_Noisy_Nikon_D800_ISO_3200_A1_130.png Graphic file (type
 png)
 <use images/br_WNNM_CC_Noisy_Nikon_D800_ISO_3200_A1_130.png>
Package pdftex.def Info: images/br_WNNM_CC_Noisy_Nikon_D800_ISO_3200_A1_130.png
 used on input line 1010.
(pdftex.def)             Requested size: 99.36972pt x 99.37001pt.

<images/br_CSF_CC_Noisy_Nikon_D800_ISO_3200_A1_130.png, id=236, 501.875pt x 501
.875pt>
File: images/br_CSF_CC_Noisy_Nikon_D800_ISO_3200_A1_130.png Graphic file (type 
png)
 <use images/br_CSF_CC_Noisy_Nikon_D800_ISO_3200_A1_130.png>
Package pdftex.def Info: images/br_CSF_CC_Noisy_Nikon_D800_ISO_3200_A1_130.png 
used on input line 1010.
(pdftex.def)             Requested size: 99.36972pt x 99.37001pt.

<images/br_TRD_CC_Noisy_Nikon_D800_ISO_3200_A1_130.png, id=237, 501.875pt x 501
.875pt>
File: images/br_TRD_CC_Noisy_Nikon_D800_ISO_3200_A1_130.png Graphic file (type 
png)
 <use images/br_TRD_CC_Noisy_Nikon_D800_ISO_3200_A1_130.png>
Package pdftex.def Info: images/br_TRD_CC_Noisy_Nikon_D800_ISO_3200_A1_130.png 
used on input line 1010.
(pdftex.def)             Requested size: 99.36972pt x 99.37001pt.

<images/br_MLP_CC_Noisy_Nikon_D800_ISO_3200_A1_130.png, id=238, 501.875pt x 501
.875pt>
File: images/br_MLP_CC_Noisy_Nikon_D800_ISO_3200_A1_130.png Graphic file (type 
png)
 <use images/br_MLP_CC_Noisy_Nikon_D800_ISO_3200_A1_130.png>
Package pdftex.def Info: images/br_MLP_CC_Noisy_Nikon_D800_ISO_3200_A1_130.png 
used on input line 1037.
(pdftex.def)             Requested size: 99.36972pt x 99.37001pt.

<images/br_NC_CC_Noisy_Nikon_D800_ISO_3200_A1_130.png, id=239, 501.875pt x 501.
875pt>
File: images/br_NC_CC_Noisy_Nikon_D800_ISO_3200_A1_130.png Graphic file (type p
ng)
 <use images/br_NC_CC_Noisy_Nikon_D800_ISO_3200_A1_130.png>
Package pdftex.def Info: images/br_NC_CC_Noisy_Nikon_D800_ISO_3200_A1_130.png u
sed on input line 1037.
(pdftex.def)             Requested size: 99.36972pt x 99.37001pt.

<images/br_NI_CC_Noisy_Nikon_D800_ISO_3200_A1_130.png, id=240, 501.875pt x 501.
875pt>
File: images/br_NI_CC_Noisy_Nikon_D800_ISO_3200_A1_130.png Graphic file (type p
ng)
 <use images/br_NI_CC_Noisy_Nikon_D800_ISO_3200_A1_130.png>
Package pdftex.def Info: images/br_NI_CC_Noisy_Nikon_D800_ISO_3200_A1_130.png u
sed on input line 1037.
(pdftex.def)             Requested size: 99.36972pt x 99.37001pt.

<images/br_DSCDL_CC_Noisy_Nikon_D800_ISO_3200_A1_130.png, id=241, 501.875pt x 5
01.875pt>
File: images/br_DSCDL_CC_Noisy_Nikon_D800_ISO_3200_A1_130.png Graphic file (typ
e png)
 <use images/br_DSCDL_CC_Noisy_Nikon_D800_ISO_3200_A1_130.png>
Package pdftex.def Info: images/br_DSCDL_CC_Noisy_Nikon_D800_ISO_3200_A1_130.pn
g used on input line 1037.
(pdftex.def)             Requested size: 99.36972pt x 99.37001pt.

<images/br_Mean_CC_Noisy_Nikon_D800_ISO_3200_A1_130.png, id=242, 501.875pt x 50
1.875pt>
File: images/br_Mean_CC_Noisy_Nikon_D800_ISO_3200_A1_130.png Graphic file (type
 png)
 <use images/br_Mean_CC_Noisy_Nikon_D800_ISO_3200_A1_130.png>
Package pdftex.def Info: images/br_Mean_CC_Noisy_Nikon_D800_ISO_3200_A1_130.png
 used on input line 1037.
(pdftex.def)             Requested size: 99.36972pt x 99.37001pt.

Overfull \hbox (14.99236pt too wide) in paragraph at lines 1010--1038
 [][] 
 []


Overfull \hbox (14.99236pt too wide) in paragraph at lines 1010--1038
 [][] 
 []


<images/br_Noisy_CC_Noisy_Nikon_D800_ISO_3200_A1_21.png, id=243, 501.875pt x 50
1.875pt>
File: images/br_Noisy_CC_Noisy_Nikon_D800_ISO_3200_A1_21.png Graphic file (type
 png)
 <use images/br_Noisy_CC_Noisy_Nikon_D800_ISO_3200_A1_21.png>
Package pdftex.def Info: images/br_Noisy_CC_Noisy_Nikon_D800_ISO_3200_A1_21.png
 used on input line 1070.
(pdftex.def)             Requested size: 99.36972pt x 99.37001pt.

<images/br_BM3D_CC_Noisy_Nikon_D800_ISO_3200_A1_21.png, id=244, 501.875pt x 501
.875pt>
File: images/br_BM3D_CC_Noisy_Nikon_D800_ISO_3200_A1_21.png Graphic file (type 
png)
 <use images/br_BM3D_CC_Noisy_Nikon_D800_ISO_3200_A1_21.png>
Package pdftex.def Info: images/br_BM3D_CC_Noisy_Nikon_D800_ISO_3200_A1_21.png 
used on input line 1070.
(pdftex.def)             Requested size: 99.36972pt x 99.37001pt.

<images/br_WNNM_CC_Noisy_Nikon_D800_ISO_3200_A1_21.png, id=245, 501.875pt x 501
.875pt>
File: images/br_WNNM_CC_Noisy_Nikon_D800_ISO_3200_A1_21.png Graphic file (type 
png)
 <use images/br_WNNM_CC_Noisy_Nikon_D800_ISO_3200_A1_21.png>
Package pdftex.def Info: images/br_WNNM_CC_Noisy_Nikon_D800_ISO_3200_A1_21.png 
used on input line 1070.
(pdftex.def)             Requested size: 99.36972pt x 99.37001pt.

<images/br_CSF_CC_Noisy_Nikon_D800_ISO_3200_A1_21.png, id=246, 501.875pt x 501.
875pt>
File: images/br_CSF_CC_Noisy_Nikon_D800_ISO_3200_A1_21.png Graphic file (type p
ng)
 <use images/br_CSF_CC_Noisy_Nikon_D800_ISO_3200_A1_21.png>
Package pdftex.def Info: images/br_CSF_CC_Noisy_Nikon_D800_ISO_3200_A1_21.png u
sed on input line 1070.
(pdftex.def)             Requested size: 99.36972pt x 99.37001pt.

<images/br_TRD_CC_Noisy_Nikon_D800_ISO_3200_A1_21.png, id=247, 501.875pt x 501.
875pt>
File: images/br_TRD_CC_Noisy_Nikon_D800_ISO_3200_A1_21.png Graphic file (type p
ng)
 <use images/br_TRD_CC_Noisy_Nikon_D800_ISO_3200_A1_21.png>
Package pdftex.def Info: images/br_TRD_CC_Noisy_Nikon_D800_ISO_3200_A1_21.png u
sed on input line 1070.
(pdftex.def)             Requested size: 99.36972pt x 99.37001pt.

<images/br_MLP_CC_Noisy_Nikon_D800_ISO_3200_A1_21.png, id=248, 501.875pt x 501.
875pt>
File: images/br_MLP_CC_Noisy_Nikon_D800_ISO_3200_A1_21.png Graphic file (type p
ng)
 <use images/br_MLP_CC_Noisy_Nikon_D800_ISO_3200_A1_21.png>
Package pdftex.def Info: images/br_MLP_CC_Noisy_Nikon_D800_ISO_3200_A1_21.png u
sed on input line 1097.
(pdftex.def)             Requested size: 99.36972pt x 99.37001pt.

<images/br_NC_CC_Noisy_Nikon_D800_ISO_3200_A1_21.png, id=249, 501.875pt x 501.8
75pt>
File: images/br_NC_CC_Noisy_Nikon_D800_ISO_3200_A1_21.png Graphic file (type pn
g)
 <use images/br_NC_CC_Noisy_Nikon_D800_ISO_3200_A1_21.png>
Package pdftex.def Info: images/br_NC_CC_Noisy_Nikon_D800_ISO_3200_A1_21.png us
ed on input line 1097.
(pdftex.def)             Requested size: 99.36972pt x 99.37001pt.

<images/br_NI_CC_Noisy_Nikon_D800_ISO_3200_A1_21.png, id=250, 501.875pt x 501.8
75pt>
File: images/br_NI_CC_Noisy_Nikon_D800_ISO_3200_A1_21.png Graphic file (type pn
g)
 <use images/br_NI_CC_Noisy_Nikon_D800_ISO_3200_A1_21.png>
Package pdftex.def Info: images/br_NI_CC_Noisy_Nikon_D800_ISO_3200_A1_21.png us
ed on input line 1097.
(pdftex.def)             Requested size: 99.36972pt x 99.37001pt.

<images/br_DSCDL_CC_Noisy_Nikon_D800_ISO_3200_A1_21.png, id=251, 501.875pt x 50
1.875pt>
File: images/br_DSCDL_CC_Noisy_Nikon_D800_ISO_3200_A1_21.png Graphic file (type
 png)
 <use images/br_DSCDL_CC_Noisy_Nikon_D800_ISO_3200_A1_21.png>
Package pdftex.def Info: images/br_DSCDL_CC_Noisy_Nikon_D800_ISO_3200_A1_21.png
 used on input line 1097.
(pdftex.def)             Requested size: 99.36972pt x 99.37001pt.

<images/br_Mean_CC_Noisy_Nikon_D800_ISO_3200_A1_21.png, id=252, 501.875pt x 501
.875pt>
File: images/br_Mean_CC_Noisy_Nikon_D800_ISO_3200_A1_21.png Graphic file (type 
png)
 <use images/br_Mean_CC_Noisy_Nikon_D800_ISO_3200_A1_21.png>
Package pdftex.def Info: images/br_Mean_CC_Noisy_Nikon_D800_ISO_3200_A1_21.png 
used on input line 1097.
(pdftex.def)             Requested size: 99.36972pt x 99.37001pt.

Overfull \hbox (14.99236pt too wide) in paragraph at lines 1070--1098
 [][] 
 []


Overfull \hbox (14.99236pt too wide) in paragraph at lines 1070--1098
 [][] 
 []


<images/br_Noisy_CC_Noisy_Nikon_D800_ISO_3200_A1_23.png, id=253, 501.875pt x 50
1.875pt>
File: images/br_Noisy_CC_Noisy_Nikon_D800_ISO_3200_A1_23.png Graphic file (type
 png)
 <use images/br_Noisy_CC_Noisy_Nikon_D800_ISO_3200_A1_23.png>
Package pdftex.def Info: images/br_Noisy_CC_Noisy_Nikon_D800_ISO_3200_A1_23.png
 used on input line 1131.
(pdftex.def)             Requested size: 99.36972pt x 99.37001pt.

<images/br_BM3D_CC_Noisy_Nikon_D800_ISO_3200_A1_23.png, id=254, 501.875pt x 501
.875pt>
File: images/br_BM3D_CC_Noisy_Nikon_D800_ISO_3200_A1_23.png Graphic file (type 
png)
 <use images/br_BM3D_CC_Noisy_Nikon_D800_ISO_3200_A1_23.png>
Package pdftex.def Info: images/br_BM3D_CC_Noisy_Nikon_D800_ISO_3200_A1_23.png 
used on input line 1131.
(pdftex.def)             Requested size: 99.36972pt x 99.37001pt.

<images/br_WNNM_CC_Noisy_Nikon_D800_ISO_3200_A1_23.png, id=255, 501.875pt x 501
.875pt>
File: images/br_WNNM_CC_Noisy_Nikon_D800_ISO_3200_A1_23.png Graphic file (type 
png)
 <use images/br_WNNM_CC_Noisy_Nikon_D800_ISO_3200_A1_23.png>
Package pdftex.def Info: images/br_WNNM_CC_Noisy_Nikon_D800_ISO_3200_A1_23.png 
used on input line 1131.
(pdftex.def)             Requested size: 99.36972pt x 99.37001pt.

<images/br_CSF_CC_Noisy_Nikon_D800_ISO_3200_A1_23.png, id=256, 501.875pt x 501.
875pt>
File: images/br_CSF_CC_Noisy_Nikon_D800_ISO_3200_A1_23.png Graphic file (type p
ng)
 <use images/br_CSF_CC_Noisy_Nikon_D800_ISO_3200_A1_23.png>
Package pdftex.def Info: images/br_CSF_CC_Noisy_Nikon_D800_ISO_3200_A1_23.png u
sed on input line 1131.
(pdftex.def)             Requested size: 99.36972pt x 99.37001pt.

<images/br_TRD_CC_Noisy_Nikon_D800_ISO_3200_A1_23.png, id=257, 501.875pt x 501.
875pt>
File: images/br_TRD_CC_Noisy_Nikon_D800_ISO_3200_A1_23.png Graphic file (type p
ng)
 <use images/br_TRD_CC_Noisy_Nikon_D800_ISO_3200_A1_23.png>
Package pdftex.def Info: images/br_TRD_CC_Noisy_Nikon_D800_ISO_3200_A1_23.png u
sed on input line 1131.
(pdftex.def)             Requested size: 99.36972pt x 99.37001pt.

<images/br_MLP_CC_Noisy_Nikon_D800_ISO_3200_A1_23.png, id=258, 501.875pt x 501.
875pt>
File: images/br_MLP_CC_Noisy_Nikon_D800_ISO_3200_A1_23.png Graphic file (type p
ng)
 <use images/br_MLP_CC_Noisy_Nikon_D800_ISO_3200_A1_23.png>
Package pdftex.def Info: images/br_MLP_CC_Noisy_Nikon_D800_ISO_3200_A1_23.png u
sed on input line 1158.
(pdftex.def)             Requested size: 99.36972pt x 99.37001pt.

<images/br_NC_CC_Noisy_Nikon_D800_ISO_3200_A1_23.png, id=259, 501.875pt x 501.8
75pt>
File: images/br_NC_CC_Noisy_Nikon_D800_ISO_3200_A1_23.png Graphic file (type pn
g)
 <use images/br_NC_CC_Noisy_Nikon_D800_ISO_3200_A1_23.png>
Package pdftex.def Info: images/br_NC_CC_Noisy_Nikon_D800_ISO_3200_A1_23.png us
ed on input line 1158.
(pdftex.def)             Requested size: 99.36972pt x 99.37001pt.

<images/br_NI_CC_Noisy_Nikon_D800_ISO_3200_A1_23.png, id=260, 501.875pt x 501.8
75pt>
File: images/br_NI_CC_Noisy_Nikon_D800_ISO_3200_A1_23.png Graphic file (type pn
g)
 <use images/br_NI_CC_Noisy_Nikon_D800_ISO_3200_A1_23.png>
Package pdftex.def Info: images/br_NI_CC_Noisy_Nikon_D800_ISO_3200_A1_23.png us
ed on input line 1158.
(pdftex.def)             Requested size: 99.36972pt x 99.37001pt.

<images/br_DSCDL_CC_Noisy_Nikon_D800_ISO_3200_A1_23.png, id=261, 501.875pt x 50
1.875pt>
File: images/br_DSCDL_CC_Noisy_Nikon_D800_ISO_3200_A1_23.png Graphic file (type
 png)
 <use images/br_DSCDL_CC_Noisy_Nikon_D800_ISO_3200_A1_23.png>
Package pdftex.def Info: images/br_DSCDL_CC_Noisy_Nikon_D800_ISO_3200_A1_23.png
 used on input line 1158.
(pdftex.def)             Requested size: 99.36972pt x 99.37001pt.

<images/br_Mean_CC_Noisy_Nikon_D800_ISO_3200_A1_23.png, id=262, 501.875pt x 501
.875pt>
File: images/br_Mean_CC_Noisy_Nikon_D800_ISO_3200_A1_23.png Graphic file (type 
png)
 <use images/br_Mean_CC_Noisy_Nikon_D800_ISO_3200_A1_23.png>
Package pdftex.def Info: images/br_Mean_CC_Noisy_Nikon_D800_ISO_3200_A1_23.png 
used on input line 1158.
(pdftex.def)             Requested size: 99.36972pt x 99.37001pt.

Overfull \hbox (14.99236pt too wide) in paragraph at lines 1131--1159
 [][] 
 []


Overfull \hbox (14.99236pt too wide) in paragraph at lines 1131--1159
 [][] 
 []


<images/br_Noisy_CC_Noisy_Nikon_D800_ISO_3200_A2_99.png, id=263, 501.875pt x 50
1.875pt>
File: images/br_Noisy_CC_Noisy_Nikon_D800_ISO_3200_A2_99.png Graphic file (type
 png)
 <use images/br_Noisy_CC_Noisy_Nikon_D800_ISO_3200_A2_99.png>
Package pdftex.def Info: images/br_Noisy_CC_Noisy_Nikon_D800_ISO_3200_A2_99.png
 used on input line 1192.
(pdftex.def)             Requested size: 99.36972pt x 99.37001pt.

<images/br_BM3D_CC_Noisy_Nikon_D800_ISO_3200_A2_99.png, id=264, 501.875pt x 501
.875pt>
File: images/br_BM3D_CC_Noisy_Nikon_D800_ISO_3200_A2_99.png Graphic file (type 
png)
 <use images/br_BM3D_CC_Noisy_Nikon_D800_ISO_3200_A2_99.png>
Package pdftex.def Info: images/br_BM3D_CC_Noisy_Nikon_D800_ISO_3200_A2_99.png 
used on input line 1192.
(pdftex.def)             Requested size: 99.36972pt x 99.37001pt.

<images/br_WNNM_CC_Noisy_Nikon_D800_ISO_3200_A2_99.png, id=265, 501.875pt x 501
.875pt>
File: images/br_WNNM_CC_Noisy_Nikon_D800_ISO_3200_A2_99.png Graphic file (type 
png)
 <use images/br_WNNM_CC_Noisy_Nikon_D800_ISO_3200_A2_99.png>
Package pdftex.def Info: images/br_WNNM_CC_Noisy_Nikon_D800_ISO_3200_A2_99.png 
used on input line 1192.
(pdftex.def)             Requested size: 99.36972pt x 99.37001pt.

<images/br_CSF_CC_Noisy_Nikon_D800_ISO_3200_A2_99.png, id=266, 501.875pt x 501.
875pt>
File: images/br_CSF_CC_Noisy_Nikon_D800_ISO_3200_A2_99.png Graphic file (type p
ng)
 <use images/br_CSF_CC_Noisy_Nikon_D800_ISO_3200_A2_99.png>
Package pdftex.def Info: images/br_CSF_CC_Noisy_Nikon_D800_ISO_3200_A2_99.png u
sed on input line 1192.
(pdftex.def)             Requested size: 99.36972pt x 99.37001pt.

<images/br_TRD_CC_Noisy_Nikon_D800_ISO_3200_A2_99.png, id=267, 501.875pt x 501.
875pt>
File: images/br_TRD_CC_Noisy_Nikon_D800_ISO_3200_A2_99.png Graphic file (type p
ng)
 <use images/br_TRD_CC_Noisy_Nikon_D800_ISO_3200_A2_99.png>
Package pdftex.def Info: images/br_TRD_CC_Noisy_Nikon_D800_ISO_3200_A2_99.png u
sed on input line 1192.
(pdftex.def)             Requested size: 99.36972pt x 99.37001pt.

<images/br_MLP_CC_Noisy_Nikon_D800_ISO_3200_A2_99.png, id=268, 501.875pt x 501.
875pt>
File: images/br_MLP_CC_Noisy_Nikon_D800_ISO_3200_A2_99.png Graphic file (type p
ng)
 <use images/br_MLP_CC_Noisy_Nikon_D800_ISO_3200_A2_99.png>
Package pdftex.def Info: images/br_MLP_CC_Noisy_Nikon_D800_ISO_3200_A2_99.png u
sed on input line 1219.
(pdftex.def)             Requested size: 99.36972pt x 99.37001pt.

<images/br_NC_CC_Noisy_Nikon_D800_ISO_3200_A2_99.png, id=269, 501.875pt x 501.8
75pt>
File: images/br_NC_CC_Noisy_Nikon_D800_ISO_3200_A2_99.png Graphic file (type pn
g)
 <use images/br_NC_CC_Noisy_Nikon_D800_ISO_3200_A2_99.png>
Package pdftex.def Info: images/br_NC_CC_Noisy_Nikon_D800_ISO_3200_A2_99.png us
ed on input line 1219.
(pdftex.def)             Requested size: 99.36972pt x 99.37001pt.

<images/br_NI_CC_Noisy_Nikon_D800_ISO_3200_A2_99.png, id=270, 501.875pt x 501.8
75pt>
File: images/br_NI_CC_Noisy_Nikon_D800_ISO_3200_A2_99.png Graphic file (type pn
g)
 <use images/br_NI_CC_Noisy_Nikon_D800_ISO_3200_A2_99.png>
Package pdftex.def Info: images/br_NI_CC_Noisy_Nikon_D800_ISO_3200_A2_99.png us
ed on input line 1219.
(pdftex.def)             Requested size: 99.36972pt x 99.37001pt.

<images/br_DSCDL_CC_Noisy_Nikon_D800_ISO_3200_A2_99.png, id=271, 501.875pt x 50
1.875pt>
File: images/br_DSCDL_CC_Noisy_Nikon_D800_ISO_3200_A2_99.png Graphic file (type
 png)
 <use images/br_DSCDL_CC_Noisy_Nikon_D800_ISO_3200_A2_99.png>
Package pdftex.def Info: images/br_DSCDL_CC_Noisy_Nikon_D800_ISO_3200_A2_99.png
 used on input line 1219.
(pdftex.def)             Requested size: 99.36972pt x 99.37001pt.

<images/br_Mean_CC_Noisy_Nikon_D800_ISO_3200_A2_99.png, id=272, 501.875pt x 501
.875pt>
File: images/br_Mean_CC_Noisy_Nikon_D800_ISO_3200_A2_99.png Graphic file (type 
png)
 <use images/br_Mean_CC_Noisy_Nikon_D800_ISO_3200_A2_99.png>
Package pdftex.def Info: images/br_Mean_CC_Noisy_Nikon_D800_ISO_3200_A2_99.png 
used on input line 1219.
(pdftex.def)             Requested size: 99.36972pt x 99.37001pt.

Overfull \hbox (14.99236pt too wide) in paragraph at lines 1192--1220
 [][] 
 []


Overfull \hbox (14.99236pt too wide) in paragraph at lines 1192--1220
 [][] 
 []


<images/br_Noisy_CC_Noisy_Nikon_D800_ISO_6400_B2_113.png, id=273, 501.875pt x 5
01.875pt>
File: images/br_Noisy_CC_Noisy_Nikon_D800_ISO_6400_B2_113.png Graphic file (typ
e png)
 <use images/br_Noisy_CC_Noisy_Nikon_D800_ISO_6400_B2_113.png>
Package pdftex.def Info: images/br_Noisy_CC_Noisy_Nikon_D800_ISO_6400_B2_113.pn
g used on input line 1252.
(pdftex.def)             Requested size: 99.36972pt x 99.37001pt.

<images/br_BM3D_CC_Noisy_Nikon_D800_ISO_6400_B2_113.png, id=274, 501.875pt x 50
1.875pt>
File: images/br_BM3D_CC_Noisy_Nikon_D800_ISO_6400_B2_113.png Graphic file (type
 png)
 <use images/br_BM3D_CC_Noisy_Nikon_D800_ISO_6400_B2_113.png>
Package pdftex.def Info: images/br_BM3D_CC_Noisy_Nikon_D800_ISO_6400_B2_113.png
 used on input line 1252.
(pdftex.def)             Requested size: 99.36972pt x 99.37001pt.

<images/br_WNNM_CC_Noisy_Nikon_D800_ISO_6400_B2_113.png, id=275, 501.875pt x 50
1.875pt>
File: images/br_WNNM_CC_Noisy_Nikon_D800_ISO_6400_B2_113.png Graphic file (type
 png)
 <use images/br_WNNM_CC_Noisy_Nikon_D800_ISO_6400_B2_113.png>
Package pdftex.def Info: images/br_WNNM_CC_Noisy_Nikon_D800_ISO_6400_B2_113.png
 used on input line 1252.
(pdftex.def)             Requested size: 99.36972pt x 99.37001pt.

<images/br_CSF_CC_Noisy_Nikon_D800_ISO_6400_B2_113.png, id=276, 501.875pt x 501
.875pt>
File: images/br_CSF_CC_Noisy_Nikon_D800_ISO_6400_B2_113.png Graphic file (type 
png)
 <use images/br_CSF_CC_Noisy_Nikon_D800_ISO_6400_B2_113.png>
Package pdftex.def Info: images/br_CSF_CC_Noisy_Nikon_D800_ISO_6400_B2_113.png 
used on input line 1252.
(pdftex.def)             Requested size: 99.36972pt x 99.37001pt.

<images/br_TRD_CC_Noisy_Nikon_D800_ISO_6400_B2_113.png, id=277, 501.875pt x 501
.875pt>
File: images/br_TRD_CC_Noisy_Nikon_D800_ISO_6400_B2_113.png Graphic file (type 
png)
 <use images/br_TRD_CC_Noisy_Nikon_D800_ISO_6400_B2_113.png>
Package pdftex.def Info: images/br_TRD_CC_Noisy_Nikon_D800_ISO_6400_B2_113.png 
used on input line 1252.
(pdftex.def)             Requested size: 99.36972pt x 99.37001pt.

<images/br_MLP_CC_Noisy_Nikon_D800_ISO_6400_B2_113.png, id=278, 501.875pt x 501
.875pt>
File: images/br_MLP_CC_Noisy_Nikon_D800_ISO_6400_B2_113.png Graphic file (type 
png)
 <use images/br_MLP_CC_Noisy_Nikon_D800_ISO_6400_B2_113.png>
Package pdftex.def Info: images/br_MLP_CC_Noisy_Nikon_D800_ISO_6400_B2_113.png 
used on input line 1279.
(pdftex.def)             Requested size: 99.36972pt x 99.37001pt.

<images/br_NC_CC_Noisy_Nikon_D800_ISO_6400_B2_113.png, id=279, 501.875pt x 501.
875pt>
File: images/br_NC_CC_Noisy_Nikon_D800_ISO_6400_B2_113.png Graphic file (type p
ng)
 <use images/br_NC_CC_Noisy_Nikon_D800_ISO_6400_B2_113.png>
Package pdftex.def Info: images/br_NC_CC_Noisy_Nikon_D800_ISO_6400_B2_113.png u
sed on input line 1279.
(pdftex.def)             Requested size: 99.36972pt x 99.37001pt.

<images/br_NI_CC_Noisy_Nikon_D800_ISO_6400_B2_113.png, id=280, 501.875pt x 501.
875pt>
File: images/br_NI_CC_Noisy_Nikon_D800_ISO_6400_B2_113.png Graphic file (type p
ng)
 <use images/br_NI_CC_Noisy_Nikon_D800_ISO_6400_B2_113.png>
Package pdftex.def Info: images/br_NI_CC_Noisy_Nikon_D800_ISO_6400_B2_113.png u
sed on input line 1279.
(pdftex.def)             Requested size: 99.36972pt x 99.37001pt.

<images/br_DSCDL_CC_Noisy_Nikon_D800_ISO_6400_B2_113.png, id=281, 501.875pt x 5
01.875pt>
File: images/br_DSCDL_CC_Noisy_Nikon_D800_ISO_6400_B2_113.png Graphic file (typ
e png)
 <use images/br_DSCDL_CC_Noisy_Nikon_D800_ISO_6400_B2_113.png>
Package pdftex.def Info: images/br_DSCDL_CC_Noisy_Nikon_D800_ISO_6400_B2_113.pn
g used on input line 1279.
(pdftex.def)             Requested size: 99.36972pt x 99.37001pt.

<images/br_Mean_CC_Noisy_Nikon_D800_ISO_6400_B2_113.png, id=282, 501.875pt x 50
1.875pt>
File: images/br_Mean_CC_Noisy_Nikon_D800_ISO_6400_B2_113.png Graphic file (type
 png)
 <use images/br_Mean_CC_Noisy_Nikon_D800_ISO_6400_B2_113.png>
Package pdftex.def Info: images/br_Mean_CC_Noisy_Nikon_D800_ISO_6400_B2_113.png
 used on input line 1279.
(pdftex.def)             Requested size: 99.36972pt x 99.37001pt.

Overfull \hbox (14.99236pt too wide) in paragraph at lines 1252--1280
 [][] 
 []


Overfull \hbox (14.99236pt too wide) in paragraph at lines 1252--1280
 [][] 
 []

[5]
Underfull \vbox (badness 2035) has occurred while \output is active []


Underfull \vbox (badness 10000) has occurred while \output is active []

 [6 <./images/br_singer.png (PNG copy)> <./images/br_BM3D_singer.png (PNG copy)
> <./images/br_WNNM_singer.png (PNG copy)> <./images/br_TRD_singer.png (PNG cop
y)> <./images/br_MLP_singer.png (PNG copy)> <./images/br_NC_singer.png (PNG cop
y)> <./images/br_NI_singer.png (PNG copy)> <./images/br_DSCDL_singer.png (PNG c
opy)> <./images/br_palace.png (PNG copy)> <./images/br_BM3D_palace.png (PNG cop
y)> <./images/br_WNNM_palace.png (PNG copy)> <./images/br_TRD_palace.png (PNG c
opy)> <./images/br_MLP_palace.png (PNG copy)> <./images/br_NC_palace.png (PNG c
opy)> <./images/br_NI_palace.png (PNG copy)> <./images/br_DSCDL_palace.png (PNG
 copy)>]
(./egpaper_for_review.bbl (./egpaper_for_review.brf)
\tf@brf=\write3
\openout3 = `egpaper_for_review.brf'.

LaTeX Font Info:    Font shape `OT1/ptm/bx/n' in size <9> not available
(Font)              Font shape `OT1/ptm/b/n' tried instead on input line 122.
 [7] [8 <./images/br_Noisy_5dmark3_iso3200_1.png (PNG copy)> <./images/br_BM3D_
5dmark3_iso3200_1.png (PNG copy)> <./images/br_WNNM_5dmark3_iso3200_1.png (PNG 
copy)> <./images/br_CSF_5dmark3_iso3200_1.png (PNG copy)> <./images/br_TRD_5dma
rk3_iso3200_1.png (PNG copy)> <./images/br_MLP_5dmark3_iso3200_1.png (PNG copy)
> <./images/br_NC_5dmark3_iso3200_1.png (PNG copy)> <./images/br_NI_5dmark3_iso
3200_1.png (PNG copy)> <./images/br_DSCDL_5dmark3_iso3200_1.png (PNG copy)> <./
images/br_Mean_5dmark3_iso3200_1.png (PNG copy)> <./images/br_Noisy_5dmark3_iso
3200_2.png (PNG copy)> <./images/br_BM3D_5dmark3_iso3200_2.png (PNG copy)> <./i
mages/br_WNNM_5dmark3_iso3200_2.png (PNG copy)> <./images/br_CSF_5dmark3_iso320
0_2.png (PNG copy)> <./images/br_TRD_5dmark3_iso3200_2.png (PNG copy)> <./image
s/br_MLP_5dmark3_iso3200_2.png (PNG copy)> <./images/br_NC_5dmark3_iso3200_2.pn
g (PNG copy)> <./images/br_NI_5dmark3_iso3200_2.png (PNG copy)> <./images/br_DS
CDL_5dmark3_iso3200_2.png (PNG copy)> <./images/br_Mean_5dmark3_iso3200_2.png (
PNG copy)>])
Package atveryend Info: Empty hook `BeforeClearDocument' on input line 1293.
 [9

 <./images/br_Noisy_5dmark3_iso3200_3.png (PNG copy)> <./images/br_BM3D_5dmark3
_iso3200_3.png (PNG copy)> <./images/br_WNNM_5dmark3_iso3200_3.png (PNG copy)> 
<./images/br_CSF_5dmark3_iso3200_3.png (PNG copy)> <./images/br_TRD_5dmark3_iso
3200_3.png (PNG copy)> <./images/br_MLP_5dmark3_iso3200_3.png (PNG copy)> <./im
ages/br_NC_5dmark3_iso3200_3.png (PNG copy)> <./images/br_NI_5dmark3_iso3200_3.
png (PNG copy)> <./images/br_DSCDL_5dmark3_iso3200_3.png (PNG copy)> <./images/
br_Mean_5dmark3_iso3200_3.png (PNG copy)>] [10 <./images/br_Noisy_CC_Noisy_Niko
n_D600_ISO_3200_C3_77.png (PNG copy)> <./images/br_BM3D_CC_Noisy_Nikon_D600_ISO
_3200_C3_77.png (PNG copy)> <./images/br_WNNM_CC_Noisy_Nikon_D600_ISO_3200_C3_7
7.png (PNG copy)> <./images/br_CSF_CC_Noisy_Nikon_D600_ISO_3200_C3_77.png (PNG 
copy)> <./images/br_TRD_CC_Noisy_Nikon_D600_ISO_3200_C3_77.png (PNG copy)> <./i
mages/br_MLP_CC_Noisy_Nikon_D600_ISO_3200_C3_77.png (PNG copy)> <./images/br_NC
_CC_Noisy_Nikon_D600_ISO_3200_C3_77.png (PNG copy)> <./images/br_NI_CC_Noisy_Ni
kon_D600_ISO_3200_C3_77.png (PNG copy)> <./images/br_DSCDL_CC_Noisy_Nikon_D600_
ISO_3200_C3_77.png (PNG copy)> <./images/br_Mean_CC_Noisy_Nikon_D600_ISO_3200_C
3_77.png (PNG copy)> <./images/br_Noisy_CC_Noisy_Canon_EOS_5D_Mark3_ISO_3200_C3
_26.png (PNG copy)> <./images/br_BM3D_CC_Noisy_Canon_EOS_5D_Mark3_ISO_3200_C3_2
6.png (PNG copy)> <./images/br_WNNM_CC_Noisy_Canon_EOS_5D_Mark3_ISO_3200_C3_26.
png (PNG copy)> <./images/br_CSF_CC_Noisy_Canon_EOS_5D_Mark3_ISO_3200_C3_26.png
 (PNG copy)> <./images/br_TRD_CC_Noisy_Canon_EOS_5D_Mark3_ISO_3200_C3_26.png (P
NG copy)> <./images/br_MLP_CC_Noisy_Canon_EOS_5D_Mark3_ISO_3200_C3_26.png (PNG 
copy)> <./images/br_NC_CC_Noisy_Canon_EOS_5D_Mark3_ISO_3200_C3_26.png (PNG copy
)> <./images/br_NI_CC_Noisy_Canon_EOS_5D_Mark3_ISO_3200_C3_26.png (PNG copy)> <
./images/br_DSCDL_CC_Noisy_Canon_EOS_5D_Mark3_ISO_3200_C3_26.png (PNG copy)> <.
/images/br_Mean_CC_Noisy_Canon_EOS_5D_Mark3_ISO_3200_C3_26.png (PNG copy)>] [11
 <./images/br_Noisy_CC_Noisy_Nikon_D800_ISO_3200_A1_13.png (PNG copy)> <./image
s/br_BM3D_CC_Noisy_Nikon_D800_ISO_3200_A1_13.png (PNG copy)> <./images/br_WNNM_
CC_Noisy_Nikon_D800_ISO_3200_A1_13.png (PNG copy)> <./images/br_CSF_CC_Noisy_Ni
kon_D800_ISO_3200_A1_13.png (PNG copy)> <./images/br_TRD_CC_Noisy_Nikon_D800_IS
O_3200_A1_13.png (PNG copy)> <./images/br_MLP_CC_Noisy_Nikon_D800_ISO_3200_A1_1
3.png (PNG copy)> <./images/br_NC_CC_Noisy_Nikon_D800_ISO_3200_A1_13.png (PNG c
opy)> <./images/br_NI_CC_Noisy_Nikon_D800_ISO_3200_A1_13.png (PNG copy)> <./ima
ges/br_DSCDL_CC_Noisy_Nikon_D800_ISO_3200_A1_13.png (PNG copy)> <./images/br_Me
an_CC_Noisy_Nikon_D800_ISO_3200_A1_13.png (PNG copy)> <./images/br_Noisy_CC_Noi
sy_Nikon_D800_ISO_3200_A1_130.png (PNG copy)> <./images/br_BM3D_CC_Noisy_Nikon_
D800_ISO_3200_A1_130.png (PNG copy)> <./images/br_WNNM_CC_Noisy_Nikon_D800_ISO_
3200_A1_130.png (PNG copy)> <./images/br_CSF_CC_Noisy_Nikon_D800_ISO_3200_A1_13
0.png (PNG copy)> <./images/br_TRD_CC_Noisy_Nikon_D800_ISO_3200_A1_130.png (PNG
 copy)> <./images/br_MLP_CC_Noisy_Nikon_D800_ISO_3200_A1_130.png (PNG copy)> <.
/images/br_NC_CC_Noisy_Nikon_D800_ISO_3200_A1_130.png (PNG copy)> <./images/br_
NI_CC_Noisy_Nikon_D800_ISO_3200_A1_130.png (PNG copy)> <./images/br_DSCDL_CC_No
isy_Nikon_D800_ISO_3200_A1_130.png (PNG copy)> <./images/br_Mean_CC_Noisy_Nikon
_D800_ISO_3200_A1_130.png (PNG copy)>] [12 <./images/br_Noisy_CC_Noisy_Nikon_D8
00_ISO_3200_A1_21.png (PNG copy)> <./images/br_BM3D_CC_Noisy_Nikon_D800_ISO_320
0_A1_21.png (PNG copy)> <./images/br_WNNM_CC_Noisy_Nikon_D800_ISO_3200_A1_21.pn
g (PNG copy)> <./images/br_CSF_CC_Noisy_Nikon_D800_ISO_3200_A1_21.png (PNG copy
)> <./images/br_TRD_CC_Noisy_Nikon_D800_ISO_3200_A1_21.png (PNG copy)> <./image
s/br_MLP_CC_Noisy_Nikon_D800_ISO_3200_A1_21.png (PNG copy)> <./images/br_NC_CC_
Noisy_Nikon_D800_ISO_3200_A1_21.png (PNG copy)> <./images/br_NI_CC_Noisy_Nikon_
D800_ISO_3200_A1_21.png (PNG copy)> <./images/br_DSCDL_CC_Noisy_Nikon_D800_ISO_
3200_A1_21.png (PNG copy)> <./images/br_Mean_CC_Noisy_Nikon_D800_ISO_3200_A1_21
.png (PNG copy)> <./images/br_Noisy_CC_Noisy_Nikon_D800_ISO_3200_A1_23.png (PNG
 copy)> <./images/br_BM3D_CC_Noisy_Nikon_D800_ISO_3200_A1_23.png (PNG copy)> <.
/images/br_WNNM_CC_Noisy_Nikon_D800_ISO_3200_A1_23.png (PNG copy)> <./images/br
_CSF_CC_Noisy_Nikon_D800_ISO_3200_A1_23.png (PNG copy)> <./images/br_TRD_CC_Noi
sy_Nikon_D800_ISO_3200_A1_23.png (PNG copy)> <./images/br_MLP_CC_Noisy_Nikon_D8
00_ISO_3200_A1_23.png (PNG copy)> <./images/br_NC_CC_Noisy_Nikon_D800_ISO_3200_
A1_23.png (PNG copy)> <./images/br_NI_CC_Noisy_Nikon_D800_ISO_3200_A1_23.png (P
NG copy)> <./images/br_DSCDL_CC_Noisy_Nikon_D800_ISO_3200_A1_23.png (PNG copy)>
 <./images/br_Mean_CC_Noisy_Nikon_D800_ISO_3200_A1_23.png (PNG copy)>] [13 <./i
mages/br_Noisy_CC_Noisy_Nikon_D800_ISO_3200_A2_99.png (PNG copy)> <./images/br_
BM3D_CC_Noisy_Nikon_D800_ISO_3200_A2_99.png (PNG copy)> <./images/br_WNNM_CC_No
isy_Nikon_D800_ISO_3200_A2_99.png (PNG copy)> <./images/br_CSF_CC_Noisy_Nikon_D
800_ISO_3200_A2_99.png (PNG copy)> <./images/br_TRD_CC_Noisy_Nikon_D800_ISO_320
0_A2_99.png (PNG copy)> <./images/br_MLP_CC_Noisy_Nikon_D800_ISO_3200_A2_99.png
 (PNG copy)> <./images/br_NC_CC_Noisy_Nikon_D800_ISO_3200_A2_99.png (PNG copy)>
 <./images/br_NI_CC_Noisy_Nikon_D800_ISO_3200_A2_99.png (PNG copy)> <./images/b
r_DSCDL_CC_Noisy_Nikon_D800_ISO_3200_A2_99.png (PNG copy)> <./images/br_Mean_CC
_Noisy_Nikon_D800_ISO_3200_A2_99.png (PNG copy)> <./images/br_Noisy_CC_Noisy_Ni
kon_D800_ISO_6400_B2_113.png (PNG copy)> <./images/br_BM3D_CC_Noisy_Nikon_D800_
ISO_6400_B2_113.png (PNG copy)> <./images/br_WNNM_CC_Noisy_Nikon_D800_ISO_6400_
B2_113.png (PNG copy)> <./images/br_CSF_CC_Noisy_Nikon_D800_ISO_6400_B2_113.png
 (PNG copy)> <./images/br_TRD_CC_Noisy_Nikon_D800_ISO_6400_B2_113.png (PNG copy
)> <./images/br_MLP_CC_Noisy_Nikon_D800_ISO_6400_B2_113.png (PNG copy)> <./imag
es/br_NC_CC_Noisy_Nikon_D800_ISO_6400_B2_113.png (PNG copy)> <./images/br_NI_CC
_Noisy_Nikon_D800_ISO_6400_B2_113.png (PNG copy)> <./images/br_DSCDL_CC_Noisy_N
ikon_D800_ISO_6400_B2_113.png (PNG copy)> <./images/br_Mean_CC_Noisy_Nikon_D800
_ISO_6400_B2_113.png (PNG copy)>]
Package atveryend Info: Empty hook `AfterLastShipout' on input line 1293.
 (./egpaper_for_review.aux)
Package atveryend Info: Executing hook `AtVeryEndDocument' on input line 1293.
Package atveryend Info: Executing hook `AtEndAfterFileList' on input line 1293.

Package rerunfilecheck Info: File `egpaper_for_review.brf' has not changed.
(rerunfilecheck)             Checksum: F04BEBB53344B0CCFC6286442D5BF404;2115.


LaTeX Warning: There were undefined references.


LaTeX Warning: There were multiply-defined labels.

Package atveryend Info: Empty hook `AtVeryVeryEnd' on input line 1293.
 ) 
Here is how much of TeX's memory you used:
 7506 strings out of 493091
 129256 string characters out of 6134517
 247290 words of memory out of 5000000
 10623 multiletter control sequences out of 15000+600000
 37720 words of font info for 83 fonts, out of 8000000 for 9000
 1141 hyphenation exceptions out of 8191
 36i,17n,27p,1842b,470s stack positions out of 5000i,500n,10000p,200000b,80000s
{c:/Software/texlive/2015/texmf-dist/fonts/enc/dvips/base/8r.enc}<c:/Software
/texlive/2015/texmf-dist/fonts/type1/public/amsfonts/cm/cmbx10.pfb><c:/Software
/texlive/2015/texmf-dist/fonts/type1/public/amsfonts/cm/cmbx7.pfb><c:/Software/
texlive/2015/texmf-dist/fonts/type1/public/amsfonts/cm/cmex10.pfb><c:/Software/
texlive/2015/texmf-dist/fonts/type1/public/amsfonts/cm/cmmi10.pfb><c:/Software/
texlive/2015/texmf-dist/fonts/type1/public/amsfonts/cm/cmmi5.pfb><c:/Software/t
exlive/2015/texmf-dist/fonts/type1/public/amsfonts/cm/cmmi6.pfb><c:/Software/te
xlive/2015/texmf-dist/fonts/type1/public/amsfonts/cm/cmmi7.pfb><c:/Software/tex
live/2015/texmf-dist/fonts/type1/public/amsfonts/cm/cmmi9.pfb><c:/Software/texl
ive/2015/texmf-dist/fonts/type1/public/amsfonts/cm/cmr10.pfb><c:/Software/texli
ve/2015/texmf-dist/fonts/type1/public/amsfonts/cm/cmr5.pfb><c:/Software/texlive
/2015/texmf-dist/fonts/type1/public/amsfonts/cm/cmr6.pfb><c:/Software/texlive/2
015/texmf-dist/fonts/type1/public/amsfonts/cm/cmr7.pfb><c:/Software/texlive/201
5/texmf-dist/fonts/type1/public/amsfonts/cm/cmr9.pfb><c:/Software/texlive/2015/
texmf-dist/fonts/type1/public/amsfonts/cm/cmsy10.pfb><c:/Software/texlive/2015/
texmf-dist/fonts/type1/public/amsfonts/cm/cmsy5.pfb><c:/Software/texlive/2015/t
exmf-dist/fonts/type1/public/amsfonts/cm/cmsy7.pfb><c:/Software/texlive/2015/te
xmf-dist/fonts/type1/public/amsfonts/symbols/msbm10.pfb><c:/Software/texlive/20
15/texmf-dist/fonts/type1/urw/helvetic/uhvb8a.pfb><c:/Software/texlive/2015/tex
mf-dist/fonts/type1/urw/helvetic/uhvr8a.pfb><c:/Software/texlive/2015/texmf-dis
t/fonts/type1/urw/times/utmb8a.pfb><c:/Software/texlive/2015/texmf-dist/fonts/t
ype1/urw/times/utmr8a.pfb><c:/Software/texlive/2015/texmf-dist/fonts/type1/urw/
times/utmri8a.pfb>
Output written on egpaper_for_review.pdf (13 pages, 34383827 bytes).
PDF statistics:
 520 PDF objects out of 1000 (max. 8388607)
 352 compressed objects within 4 object streams
 124 named destinations out of 1000 (max. 500000)
 631 words of extra memory for PDF output out of 10000 (max. 10000000)

